2023-07-13 16:10:09	WARN	grpclog/component.go:41	[core][Channel #1 SubChannel #2] grpc: addrConn.createTransport failed to connect to {
  "Addr": "3001",
  "ServerName": "3001",
  "Attributes": null,
  "BalancerAttributes": null,
  "Type": 0,
  "Metadata": null
}. Err: connection error: desc = "transport: Error while dialing: dial tcp: address 3001: missing port in address"	{"system": "grpc", "grpc_log": true}
2023-07-13 16:10:09	WARN	grpclog/component.go:41	[core][Channel #5 SubChannel #6] grpc: addrConn.createTransport failed to connect to {
  "Addr": "3002",
  "ServerName": "3002",
  "Attributes": null,
  "BalancerAttributes": null,
  "Type": 0,
  "Metadata": null
}. Err: connection error: desc = "transport: Error while dialing: dial tcp: address 3002: missing port in address"	{"system": "grpc", "grpc_log": true}
2023-07-13 16:33:54	WARN	grpclog/component.go:41	[core][Channel #3 SubChannel #4] grpc: addrConn.createTransport failed to connect to {
  "Addr": "3002",
  "ServerName": "3002",
  "Attributes": null,
  "BalancerAttributes": null,
  "Type": 0,
  "Metadata": null
}. Err: connection error: desc = "transport: Error while dialing: dial tcp: address 3002: missing port in address"	{"system": "grpc", "grpc_log": true}
2023-07-13 16:33:54	WARN	grpclog/component.go:41	[core][Channel #1 SubChannel #2] grpc: addrConn.createTransport failed to connect to {
  "Addr": "3001",
  "ServerName": "3001",
  "Attributes": null,
  "BalancerAttributes": null,
  "Type": 0,
  "Metadata": null
}. Err: connection error: desc = "transport: Error while dialing: dial tcp: address 3001: missing port in address"	{"system": "grpc", "grpc_log": true}
