2023-07-13 16:10:09	INFO	grpclog/component.go:36	[core][Server #3] Server created	{"system": "grpc", "grpc_log": true}
2023-07-13 16:10:09	INFO	grpclog/component.go:36	[core][Channel #1 SubChannel #2] Subchannel created	{"system": "grpc", "grpc_log": true}
2023-07-13 16:10:09	INFO	grpclog/component.go:36	[core][Server #3 ListenSocket #4] ListenSocket created	{"system": "grpc", "grpc_log": true}
2023-07-13 16:10:09	INFO	grpclog/component.go:36	[core][Channel #1] Channel Connectivity change to CONNECTING	{"system": "grpc", "grpc_log": true}
2023-07-13 16:10:09	INFO	grpclog/component.go:36	[core][Channel #5] Channel created	{"system": "grpc", "grpc_log": true}
2023-07-13 16:10:09	INFO	grpclog/component.go:36	[core][Channel #5] original dial target is: "3002"	{"system": "grpc", "grpc_log": true}
2023-07-13 16:10:09	INFO	grpclog/component.go:36	[core][Channel #1 SubChannel #2] Subchannel Connectivity change to CONNECTING	{"system": "grpc", "grpc_log": true}
2023-07-13 16:10:09	INFO	grpclog/component.go:36	[core][Channel #5] parsed dial target is: {Scheme: Authority: URL:{Scheme: Opaque: User: Host: Path:3002 RawPath: OmitHost:false ForceQuery:false RawQuery: Fragment: RawFragment:}}	{"system": "grpc", "grpc_log": true}
2023-07-13 16:10:09	INFO	grpclog/component.go:36	[core][Channel #1 SubChannel #2] Subchannel picks a new address "3001" to connect	{"system": "grpc", "grpc_log": true}
2023-07-13 16:10:09	INFO	grpclog/component.go:36	[core][Channel #5] fallback to scheme "passthrough"	{"system": "grpc", "grpc_log": true}
2023-07-13 16:10:09	INFO	grpclog/component.go:36	[core][Channel #5] parsed dial target is: {Scheme:passthrough Authority: URL:{Scheme:passthrough Opaque: User: Host: Path:/3002 RawPath: OmitHost:false ForceQuery:false RawQuery: Fragment: RawFragment:}}	{"system": "grpc", "grpc_log": true}
2023-07-13 16:10:09	INFO	grpclog/component.go:36	[core][Channel #5] Channel authority set to "3002"	{"system": "grpc", "grpc_log": true}
2023-07-13 16:10:09	INFO	grpclog/component.go:36	[core][Channel #5] Resolver state updated: {
  "Addresses": [
    {
      "Addr": "3002",
      "ServerName": "",
      "Attributes": null,
      "BalancerAttributes": null,
      "Type": 0,
      "Metadata": null
    }
  ],
  "ServiceConfig": null,
  "Attributes": null
} (resolver returned new addresses)	{"system": "grpc", "grpc_log": true}
2023-07-13 16:10:09	INFO	grpclog/component.go:36	[core][Channel #1 SubChannel #2] Subchannel Connectivity change to TRANSIENT_FAILURE, last error: connection error: desc = "transport: Error while dialing: dial tcp: address 3001: missing port in address"	{"system": "grpc", "grpc_log": true}
2023-07-13 16:10:09	INFO	grpclog/component.go:36	[core][Channel #5] Channel switches to new LB policy "pick_first"	{"system": "grpc", "grpc_log": true}
2023-07-13 16:10:09	INFO	grpclog/component.go:36	[core][Channel #5 SubChannel #6] Subchannel created	{"system": "grpc", "grpc_log": true}
2023-07-13 16:10:09	INFO	grpclog/component.go:36	[core][Channel #5] Channel Connectivity change to CONNECTING	{"system": "grpc", "grpc_log": true}
2023-07-13 16:10:09	INFO	grpclog/component.go:36	[core][Channel #1] Channel Connectivity change to TRANSIENT_FAILURE	{"system": "grpc", "grpc_log": true}
2023-07-13 16:10:09	INFO	grpclog/component.go:36	[core][Channel #5 SubChannel #6] Subchannel Connectivity change to CONNECTING	{"system": "grpc", "grpc_log": true}
2023-07-13 16:10:09	INFO	grpclog/component.go:36	[core][Channel #5 SubChannel #6] Subchannel picks a new address "3002" to connect	{"system": "grpc", "grpc_log": true}
2023-07-13 16:10:09	INFO	grpclog/component.go:36	[core][Channel #5 SubChannel #6] Subchannel Connectivity change to TRANSIENT_FAILURE, last error: connection error: desc = "transport: Error while dialing: dial tcp: address 3002: missing port in address"	{"system": "grpc", "grpc_log": true}
2023-07-13 16:10:09	INFO	grpclog/component.go:36	[core][Channel #5] Channel Connectivity change to TRANSIENT_FAILURE	{"system": "grpc", "grpc_log": true}
2023-07-13 16:10:10	INFO	grpclog/component.go:36	[core][Channel #1 SubChannel #2] Subchannel Connectivity change to IDLE, last error: connection error: desc = "transport: Error while dialing: dial tcp: address 3001: missing port in address"	{"system": "grpc", "grpc_log": true}
2023-07-13 16:10:10	INFO	grpclog/component.go:36	[core][Channel #1] Channel Connectivity change to IDLE	{"system": "grpc", "grpc_log": true}
2023-07-13 16:10:10	INFO	grpclog/component.go:36	[core][Channel #5 SubChannel #6] Subchannel Connectivity change to IDLE, last error: connection error: desc = "transport: Error while dialing: dial tcp: address 3002: missing port in address"	{"system": "grpc", "grpc_log": true}
2023-07-13 16:10:10	INFO	grpclog/component.go:36	[core][Channel #5] Channel Connectivity change to IDLE	{"system": "grpc", "grpc_log": true}
2023-07-13 16:33:54	INFO	grpclog/component.go:36	[core][Channel #1 SubChannel #2] Subchannel Connectivity change to CONNECTING	{"system": "grpc", "grpc_log": true}
2023-07-13 16:33:54	INFO	grpclog/component.go:36	[core][Channel #3 SubChannel #4] Subchannel picks a new address "3002" to connect	{"system": "grpc", "grpc_log": true}
2023-07-13 16:33:54	INFO	grpclog/component.go:36	[core][Server #5] Server created	{"system": "grpc", "grpc_log": true}
2023-07-13 16:33:54	INFO	grpclog/component.go:36	[core][Channel #1 SubChannel #2] Subchannel picks a new address "3001" to connect	{"system": "grpc", "grpc_log": true}
2023-07-13 16:33:54	INFO	grpclog/component.go:36	[core][Server #5 ListenSocket #6] ListenSocket created	{"system": "grpc", "grpc_log": true}
2023-07-13 16:33:54	INFO	grpclog/component.go:36	[core][Channel #3 SubChannel #4] Subchannel Connectivity change to TRANSIENT_FAILURE, last error: connection error: desc = "transport: Error while dialing: dial tcp: address 3002: missing port in address"	{"system": "grpc", "grpc_log": true}
2023-07-13 16:33:54	INFO	grpclog/component.go:36	[core][Channel #1 SubChannel #2] Subchannel Connectivity change to TRANSIENT_FAILURE, last error: connection error: desc = "transport: Error while dialing: dial tcp: address 3001: missing port in address"	{"system": "grpc", "grpc_log": true}
2023-07-13 16:33:54	INFO	grpclog/component.go:36	[core][Channel #1] Channel Connectivity change to TRANSIENT_FAILURE	{"system": "grpc", "grpc_log": true}
2023-07-13 16:33:54	INFO	grpclog/component.go:36	[core][Channel #3] Channel Connectivity change to TRANSIENT_FAILURE	{"system": "grpc", "grpc_log": true}
2023-07-13 16:33:55	INFO	grpclog/component.go:36	[core][Channel #1 SubChannel #2] Subchannel Connectivity change to IDLE, last error: connection error: desc = "transport: Error while dialing: dial tcp: address 3001: missing port in address"	{"system": "grpc", "grpc_log": true}
2023-07-13 16:33:55	INFO	grpclog/component.go:36	[core][Channel #1] Channel Connectivity change to IDLE	{"system": "grpc", "grpc_log": true}
2023-07-13 16:33:55	INFO	grpclog/component.go:36	[core][Channel #3 SubChannel #4] Subchannel Connectivity change to IDLE, last error: connection error: desc = "transport: Error while dialing: dial tcp: address 3002: missing port in address"	{"system": "grpc", "grpc_log": true}
2023-07-13 16:33:55	INFO	grpclog/component.go:36	[core][Channel #3] Channel Connectivity change to IDLE	{"system": "grpc", "grpc_log": true}
2023-07-13 16:35:18	INFO	grpclog/component.go:36	[core][Server #5] Server created	{"system": "grpc", "grpc_log": true}
2023-07-13 16:35:18	INFO	grpclog/component.go:36	[core][Server #5 ListenSocket #6] ListenSocket created	{"system": "grpc", "grpc_log": true}
2023-07-13 16:35:19	INFO	grpclog/component.go:36	[core][Channel #1 SubChannel #2] Subchannel Connectivity change to IDLE, last error: connection error: desc = "transport: Error while dialing: dial tcp: address 3001: missing port in address"	{"system": "grpc", "grpc_log": true}
2023-07-13 16:35:19	INFO	grpclog/component.go:36	[core][Channel #3 SubChannel #4] Subchannel Connectivity change to IDLE, last error: connection error: desc = "transport: Error while dialing: dial tcp: address 3002: missing port in address"	{"system": "grpc", "grpc_log": true}
2023-07-13 16:35:19	INFO	grpclog/component.go:36	[core][Channel #1] Channel Connectivity change to IDLE	{"system": "grpc", "grpc_log": true}
2023-07-13 16:35:19	INFO	grpclog/component.go:36	[core][Channel #3] Channel Connectivity change to IDLE	{"system": "grpc", "grpc_log": true}
