2023-06-13 19:22:27	INFO	grpclog/component.go:36	[core][Server #1] Server created	{"system": "grpc", "grpc_log": true}
2023-06-13 19:22:27	INFO	grpclog/component.go:36	[core][Server #1 ListenSocket #2] ListenSocket created	{"system": "grpc", "grpc_log": true}
2023-06-13 19:23:06	INFO	grpclog/component.go:36	[core][Server #1] Server created	{"system": "grpc", "grpc_log": true}
2023-06-13 19:23:06	INFO	grpclog/component.go:36	[core][Server #1 ListenSocket #2] ListenSocket created	{"system": "grpc", "grpc_log": true}
2023-06-13 19:23:18	INFO	grpclog/component.go:36	[core][Server #2] Server created	{"system": "grpc", "grpc_log": true}
2023-06-13 19:23:18	INFO	grpclog/component.go:36	[core][Channel #1] original dial target is: ":3003"	{"system": "grpc", "grpc_log": true}
2023-06-13 19:23:18	INFO	grpclog/component.go:36	[core][Channel #1] dial target ":3003" parse failed: parse ":3003": missing protocol scheme	{"system": "grpc", "grpc_log": true}
2023-06-13 19:23:18	INFO	grpclog/component.go:36	[core][Channel #1] fallback to scheme "passthrough"	{"system": "grpc", "grpc_log": true}
2023-06-13 19:23:18	INFO	grpclog/component.go:36	[core][Channel #1] parsed dial target is: {Scheme:passthrough Authority: URL:{Scheme:passthrough Opaque: User: Host: Path:/:3003 RawPath: OmitHost:false ForceQuery:false RawQuery: Fragment: RawFragment:}}	{"system": "grpc", "grpc_log": true}
2023-06-13 19:23:18	INFO	grpclog/component.go:36	[core][Channel #1] Channel authority set to "localhost:3003"	{"system": "grpc", "grpc_log": true}
2023-06-13 19:23:18	INFO	grpclog/component.go:36	[core][Server #2 ListenSocket #3] ListenSocket created	{"system": "grpc", "grpc_log": true}
2023-06-13 19:23:18	INFO	grpclog/component.go:36	[core][Channel #1] Resolver state updated: {
  "Addresses": [
    {
      "Addr": ":3003",
      "ServerName": "",
      "Attributes": null,
      "BalancerAttributes": null,
      "Type": 0,
      "Metadata": null
    }
  ],
  "ServiceConfig": null,
  "Attributes": null
} (resolver returned new addresses)	{"system": "grpc", "grpc_log": true}
2023-06-13 19:23:18	INFO	grpclog/component.go:36	[core][Channel #1] Channel switches to new LB policy "pick_first"	{"system": "grpc", "grpc_log": true}
2023-06-13 19:23:18	INFO	grpclog/component.go:36	[core][Channel #1 SubChannel #4] Subchannel created	{"system": "grpc", "grpc_log": true}
2023-06-13 19:23:18	INFO	grpclog/component.go:36	[core][Channel #1] Channel Connectivity change to CONNECTING	{"system": "grpc", "grpc_log": true}
2023-06-13 19:23:18	INFO	grpclog/component.go:36	[core][Channel #1 SubChannel #4] Subchannel Connectivity change to CONNECTING	{"system": "grpc", "grpc_log": true}
2023-06-13 19:23:18	INFO	grpclog/component.go:36	[core][Channel #1 SubChannel #4] Subchannel picks a new address ":3003" to connect	{"system": "grpc", "grpc_log": true}
2023-06-13 19:23:18	INFO	grpclog/component.go:36	[core][Channel #1 SubChannel #4] Subchannel Connectivity change to TRANSIENT_FAILURE, last error: connection error: desc = "transport: Error while dialing: dial tcp :3003: connect: connection refused"	{"system": "grpc", "grpc_log": true}
2023-06-13 19:23:18	INFO	grpclog/component.go:36	[core][Channel #1] Channel Connectivity change to TRANSIENT_FAILURE	{"system": "grpc", "grpc_log": true}
2023-06-13 19:23:19	INFO	grpclog/component.go:36	[core][Channel #1 SubChannel #4] Subchannel Connectivity change to IDLE, last error: connection error: desc = "transport: Error while dialing: dial tcp :3003: connect: connection refused"	{"system": "grpc", "grpc_log": true}
2023-06-13 19:23:19	INFO	grpclog/component.go:36	[core][Channel #1] Channel Connectivity change to IDLE	{"system": "grpc", "grpc_log": true}
2023-06-13 19:36:55	INFO	grpclog/component.go:36	[core][Server #1] Server created	{"system": "grpc", "grpc_log": true}
2023-06-13 19:36:55	INFO	grpclog/component.go:36	[core][Server #1 ListenSocket #2] ListenSocket created	{"system": "grpc", "grpc_log": true}
2023-06-13 19:37:02	INFO	grpclog/component.go:36	[core][Server #2] Server created	{"system": "grpc", "grpc_log": true}
2023-06-13 19:37:02	INFO	grpclog/component.go:36	[core][Channel #1] Resolver state updated: {
  "Addresses": [
    {
      "Addr": ":3003",
      "ServerName": "",
      "Attributes": null,
      "BalancerAttributes": null,
      "Type": 0,
      "Metadata": null
    }
  ],
  "ServiceConfig": null,
  "Attributes": null
} (resolver returned new addresses)	{"system": "grpc", "grpc_log": true}
2023-06-13 19:37:02	INFO	grpclog/component.go:36	[core][Channel #1] Channel switches to new LB policy "pick_first"	{"system": "grpc", "grpc_log": true}
2023-06-13 19:37:02	INFO	grpclog/component.go:36	[core][Channel #1 SubChannel #4] Subchannel created	{"system": "grpc", "grpc_log": true}
2023-06-13 19:37:02	INFO	grpclog/component.go:36	[core][Channel #1] Channel Connectivity change to CONNECTING	{"system": "grpc", "grpc_log": true}
2023-06-13 19:37:02	INFO	grpclog/component.go:36	[core][Server #2 ListenSocket #3] ListenSocket created	{"system": "grpc", "grpc_log": true}
2023-06-13 19:37:02	INFO	grpclog/component.go:36	[core][Channel #1 SubChannel #4] Subchannel Connectivity change to CONNECTING	{"system": "grpc", "grpc_log": true}
2023-06-13 19:37:02	INFO	grpclog/component.go:36	[core][Channel #1 SubChannel #4] Subchannel picks a new address ":3003" to connect	{"system": "grpc", "grpc_log": true}
2023-06-13 19:37:02	INFO	grpclog/component.go:36	[core][Channel #1 SubChannel #4] Subchannel Connectivity change to READY	{"system": "grpc", "grpc_log": true}
2023-06-13 19:37:02	INFO	grpclog/component.go:36	[core][Channel #1] Channel Connectivity change to READY	{"system": "grpc", "grpc_log": true}
2023-06-13 19:37:13	INFO	grpclog/component.go:36	[core][Channel #1 SubChannel #4] Subchannel Connectivity change to IDLE	{"system": "grpc", "grpc_log": true}
2023-06-13 19:37:13	INFO	grpclog/component.go:36	[core][Channel #1] Channel Connectivity change to IDLE	{"system": "grpc", "grpc_log": true}
2023-06-13 19:37:37	INFO	grpclog/component.go:36	[core][Server #1] Server created	{"system": "grpc", "grpc_log": true}
2023-06-13 19:37:37	INFO	grpclog/component.go:36	[core][Server #1 ListenSocket #2] ListenSocket created	{"system": "grpc", "grpc_log": true}
2023-06-13 19:37:47	INFO	grpclog/component.go:36	[core][Server #1] Server created	{"system": "grpc", "grpc_log": true}
2023-06-13 19:37:47	INFO	grpclog/component.go:36	[core][Server #1 ListenSocket #2] ListenSocket created	{"system": "grpc", "grpc_log": true}
