2023-06-10 16:16:22	INFO	zap/options.go:212	finished unary call with code OK	{"grpc.start_time": "2023-06-10T16:16:22+08:00", "system": "grpc", "span.kind": "server", "grpc.service": "kob.matching.matching_system", "grpc.method": "AddUser", "peer.address": "127.0.0.1:43496", "grpc.code": "OK", "grpc.time_ms": 0.218}
2023-06-10 16:18:54	INFO	grpclog/component.go:36	[core][Server #1] Server created	{"system": "grpc", "grpc_log": true}
2023-06-10 16:18:54	INFO	grpclog/component.go:36	[core][Server #1 ListenSocket #2] ListenSocket created	{"system": "grpc", "grpc_log": true}
2023-06-10 16:18:59	INFO	zap/options.go:212	finished unary call with code OK	{"grpc.start_time": "2023-06-10T16:18:59+08:00", "system": "grpc", "span.kind": "server", "grpc.service": "kob.matching.matching_system", "grpc.method": "AddUser", "peer.address": "127.0.0.1:43500", "grpc.code": "OK", "grpc.time_ms": 0.1}
2023-06-10 16:21:03	INFO	grpclog/component.go:36	[core][Server #1] Server created	{"system": "grpc", "grpc_log": true}
2023-06-10 16:21:03	INFO	grpclog/component.go:36	[core][Server #1 ListenSocket #2] ListenSocket created	{"system": "grpc", "grpc_log": true}
2023-06-10 16:21:13	INFO	zap/options.go:212	finished unary call with code OK	{"grpc.start_time": "2023-06-10T16:21:13+08:00", "system": "grpc", "span.kind": "server", "grpc.service": "kob.matching.matching_system", "grpc.method": "AddUser", "peer.address": "127.0.0.1:43512", "grpc.code": "OK", "grpc.time_ms": 1.479}
2023-06-10 16:24:41	INFO	zap/options.go:212	finished unary call with code OK	{"grpc.start_time": "2023-06-10T16:24:41+08:00", "system": "grpc", "span.kind": "server", "grpc.service": "kob.matching.matching_system", "grpc.method": "AddUser", "peer.address": "127.0.0.1:43516", "grpc.code": "OK", "grpc.time_ms": 8.393}
2023-06-10 16:24:44	INFO	zap/options.go:212	finished unary call with code OK	{"grpc.start_time": "2023-06-10T16:24:44+08:00", "system": "grpc", "span.kind": "server", "grpc.service": "kob.matching.matching_system", "grpc.method": "AddUser", "peer.address": "127.0.0.1:43516", "grpc.code": "OK", "grpc.time_ms": 1.323}
2023-06-10 16:25:49	INFO	zap/options.go:212	finished unary call with code OK	{"grpc.start_time": "2023-06-10T16:25:49+08:00", "system": "grpc", "span.kind": "server", "grpc.service": "kob.matching.matching_system", "grpc.method": "AddUser", "peer.address": "127.0.0.1:43524", "grpc.code": "OK", "grpc.time_ms": 1.064}
2023-06-10 16:25:50	INFO	zap/options.go:212	finished unary call with code OK	{"grpc.start_time": "2023-06-10T16:25:50+08:00", "system": "grpc", "span.kind": "server", "grpc.service": "kob.matching.matching_system", "grpc.method": "Remove", "peer.address": "127.0.0.1:43524", "grpc.code": "OK", "grpc.time_ms": 0.381}
2023-06-12 10:55:55	INFO	grpclog/component.go:36	[core][Server #1] Server created	{"system": "grpc", "grpc_log": true}
2023-06-12 10:55:55	INFO	grpclog/component.go:36	[core][Server #1 ListenSocket #2] ListenSocket created	{"system": "grpc", "grpc_log": true}
2023-06-12 10:58:18	INFO	zap/options.go:212	finished unary call with code OK	{"grpc.start_time": "2023-06-12T10:58:18+08:00", "system": "grpc", "span.kind": "server", "grpc.service": "kob.matching.matching_system", "grpc.method": "AddUser", "peer.address": "127.0.0.1:48790", "grpc.code": "OK", "grpc.time_ms": 1.45}
2023-06-12 10:58:20	INFO	zap/options.go:212	finished unary call with code OK	{"grpc.start_time": "2023-06-12T10:58:20+08:00", "system": "grpc", "span.kind": "server", "grpc.service": "kob.matching.matching_system", "grpc.method": "AddUser", "peer.address": "127.0.0.1:48790", "grpc.code": "OK", "grpc.time_ms": 1.018}
2023-06-12 10:58:21	INFO	matchutil/pool.go:60	matching success playerA:{18 -1 1500 0}, playerB:{19 -1 1500 0}
2023-06-12 10:59:45	INFO	grpclog/component.go:36	[core][Server #2] Server created	{"system": "grpc", "grpc_log": true}
2023-06-12 10:59:45	INFO	grpclog/component.go:36	[core][Channel #1] original dial target is: ":3003"	{"system": "grpc", "grpc_log": true}
2023-06-12 10:59:45	INFO	grpclog/component.go:36	[core][Channel #1] dial target ":3003" parse failed: parse ":3003": missing protocol scheme	{"system": "grpc", "grpc_log": true}
2023-06-12 10:59:45	INFO	grpclog/component.go:36	[core][Channel #1] fallback to scheme "passthrough"	{"system": "grpc", "grpc_log": true}
2023-06-12 10:59:45	INFO	grpclog/component.go:36	[core][Server #2 ListenSocket #3] ListenSocket created	{"system": "grpc", "grpc_log": true}
2023-06-12 10:59:45	INFO	grpclog/component.go:36	[core][Channel #1] parsed dial target is: {Scheme:passthrough Authority: URL:{Scheme:passthrough Opaque: User: Host: Path:/:3003 RawPath: OmitHost:false ForceQuery:false RawQuery: Fragment: RawFragment:}}	{"system": "grpc", "grpc_log": true}
2023-06-12 10:59:45	INFO	grpclog/component.go:36	[core][Channel #1] Channel authority set to "localhost:3003"	{"system": "grpc", "grpc_log": true}
2023-06-12 10:59:45	INFO	grpclog/component.go:36	[core][Channel #1] Resolver state updated: {
  "Addresses": [
    {
      "Addr": ":3003",
      "ServerName": "",
      "Attributes": null,
      "BalancerAttributes": null,
      "Type": 0,
      "Metadata": null
    }
  ],
  "ServiceConfig": null,
  "Attributes": null
} (resolver returned new addresses)	{"system": "grpc", "grpc_log": true}
2023-06-12 10:59:45	INFO	grpclog/component.go:36	[core][Channel #1] Channel switches to new LB policy "pick_first"	{"system": "grpc", "grpc_log": true}
2023-06-12 10:59:45	INFO	grpclog/component.go:36	[core][Channel #1 SubChannel #4] Subchannel created	{"system": "grpc", "grpc_log": true}
2023-06-12 10:59:45	INFO	grpclog/component.go:36	[core][Channel #1] Channel Connectivity change to CONNECTING	{"system": "grpc", "grpc_log": true}
2023-06-12 10:59:45	INFO	grpclog/component.go:36	[core][Channel #1 SubChannel #4] Subchannel Connectivity change to CONNECTING	{"system": "grpc", "grpc_log": true}
2023-06-12 10:59:45	INFO	grpclog/component.go:36	[core][Channel #1 SubChannel #4] Subchannel picks a new address ":3003" to connect	{"system": "grpc", "grpc_log": true}
2023-06-12 10:59:45	INFO	grpclog/component.go:36	[core][Channel #1 SubChannel #4] Subchannel Connectivity change to READY	{"system": "grpc", "grpc_log": true}
2023-06-12 10:59:45	INFO	grpclog/component.go:36	[core][Channel #1] Channel Connectivity change to READY	{"system": "grpc", "grpc_log": true}
2023-06-12 11:00:01	INFO	zap/options.go:212	finished unary call with code OK	{"grpc.start_time": "2023-06-12T11:00:01+08:00", "system": "grpc", "span.kind": "server", "grpc.service": "kob.matching.matching_system", "grpc.method": "Remove", "peer.address": "127.0.0.1:48796", "grpc.code": "OK", "grpc.time_ms": 0.098}
2023-06-12 11:00:02	INFO	zap/options.go:212	finished unary call with code OK	{"grpc.start_time": "2023-06-12T11:00:02+08:00", "system": "grpc", "span.kind": "server", "grpc.service": "kob.matching.matching_system", "grpc.method": "Remove", "peer.address": "127.0.0.1:48796", "grpc.code": "OK", "grpc.time_ms": 0.148}
2023-06-12 11:00:06	INFO	zap/options.go:212	finished unary call with code OK	{"grpc.start_time": "2023-06-12T11:00:06+08:00", "system": "grpc", "span.kind": "server", "grpc.service": "kob.matching.matching_system", "grpc.method": "AddUser", "peer.address": "127.0.0.1:48796", "grpc.code": "OK", "grpc.time_ms": 1.442}
2023-06-12 11:00:08	INFO	zap/options.go:212	finished unary call with code OK	{"grpc.start_time": "2023-06-12T11:00:08+08:00", "system": "grpc", "span.kind": "server", "grpc.service": "kob.matching.matching_system", "grpc.method": "AddUser", "peer.address": "127.0.0.1:48796", "grpc.code": "OK", "grpc.time_ms": 1.194}
2023-06-12 11:00:09	INFO	matchutil/pool.go:60	matching success playerA:{18 -1 1500 0}, playerB:{19 -1 1500 0}
2023-06-12 11:02:33	INFO	grpclog/component.go:36	[core][Server #2] Server created	{"system": "grpc", "grpc_log": true}
2023-06-12 11:02:33	INFO	grpclog/component.go:36	[core][Channel #1] original dial target is: ":3003"	{"system": "grpc", "grpc_log": true}
2023-06-12 11:02:33	INFO	grpclog/component.go:36	[core][Channel #1] dial target ":3003" parse failed: parse ":3003": missing protocol scheme	{"system": "grpc", "grpc_log": true}
2023-06-12 11:02:33	INFO	grpclog/component.go:36	[core][Channel #1] fallback to scheme "passthrough"	{"system": "grpc", "grpc_log": true}
2023-06-12 11:02:33	INFO	grpclog/component.go:36	[core][Server #2 ListenSocket #3] ListenSocket created	{"system": "grpc", "grpc_log": true}
2023-06-12 11:02:33	INFO	grpclog/component.go:36	[core][Channel #1] parsed dial target is: {Scheme:passthrough Authority: URL:{Scheme:passthrough Opaque: User: Host: Path:/:3003 RawPath: OmitHost:false ForceQuery:false RawQuery: Fragment: RawFragment:}}	{"system": "grpc", "grpc_log": true}
2023-06-12 11:02:33	INFO	grpclog/component.go:36	[core][Channel #1] Channel authority set to "localhost:3003"	{"system": "grpc", "grpc_log": true}
2023-06-12 11:02:33	INFO	grpclog/component.go:36	[core][Channel #1] Resolver state updated: {
  "Addresses": [
    {
      "Addr": ":3003",
      "ServerName": "",
      "Attributes": null,
      "BalancerAttributes": null,
      "Type": 0,
      "Metadata": null
    }
  ],
  "ServiceConfig": null,
  "Attributes": null
} (resolver returned new addresses)	{"system": "grpc", "grpc_log": true}
2023-06-12 11:02:33	INFO	grpclog/component.go:36	[core][Channel #1] Channel switches to new LB policy "pick_first"	{"system": "grpc", "grpc_log": true}
2023-06-12 11:02:33	INFO	grpclog/component.go:36	[core][Channel #1 SubChannel #4] Subchannel created	{"system": "grpc", "grpc_log": true}
2023-06-12 11:02:33	INFO	grpclog/component.go:36	[core][Channel #1] Channel Connectivity change to CONNECTING	{"system": "grpc", "grpc_log": true}
2023-06-12 11:02:33	INFO	grpclog/component.go:36	[core][Channel #1 SubChannel #4] Subchannel Connectivity change to CONNECTING	{"system": "grpc", "grpc_log": true}
2023-06-12 11:02:33	INFO	grpclog/component.go:36	[core][Channel #1 SubChannel #4] Subchannel picks a new address ":3003" to connect	{"system": "grpc", "grpc_log": true}
2023-06-12 11:02:33	INFO	grpclog/component.go:36	[core][Channel #1 SubChannel #4] Subchannel Connectivity change to READY	{"system": "grpc", "grpc_log": true}
2023-06-12 11:02:33	INFO	grpclog/component.go:36	[core][Channel #1] Channel Connectivity change to READY	{"system": "grpc", "grpc_log": true}
2023-06-12 11:02:37	INFO	zap/options.go:212	finished unary call with code OK	{"grpc.start_time": "2023-06-12T11:02:37+08:00", "system": "grpc", "span.kind": "server", "grpc.service": "kob.matching.matching_system", "grpc.method": "Remove", "peer.address": "127.0.0.1:48806", "grpc.code": "OK", "grpc.time_ms": 0.103}
2023-06-12 11:02:39	INFO	zap/options.go:212	finished unary call with code OK	{"grpc.start_time": "2023-06-12T11:02:39+08:00", "system": "grpc", "span.kind": "server", "grpc.service": "kob.matching.matching_system", "grpc.method": "Remove", "peer.address": "127.0.0.1:48806", "grpc.code": "OK", "grpc.time_ms": 0.131}
2023-06-12 11:02:40	INFO	zap/options.go:212	finished unary call with code OK	{"grpc.start_time": "2023-06-12T11:02:40+08:00", "system": "grpc", "span.kind": "server", "grpc.service": "kob.matching.matching_system", "grpc.method": "AddUser", "peer.address": "127.0.0.1:48806", "grpc.code": "OK", "grpc.time_ms": 1.271}
2023-06-12 11:02:41	INFO	zap/options.go:212	finished unary call with code OK	{"grpc.start_time": "2023-06-12T11:02:41+08:00", "system": "grpc", "span.kind": "server", "grpc.service": "kob.matching.matching_system", "grpc.method": "AddUser", "peer.address": "127.0.0.1:48806", "grpc.code": "OK", "grpc.time_ms": 1.036}
2023-06-12 11:02:43	INFO	matchutil/pool.go:60	matching success playerA:{18 -1 1500 0}, playerB:{19 -1 1500 0}
2023-06-12 11:04:32	INFO	grpclog/component.go:36	[core][Server #2] Server created	{"system": "grpc", "grpc_log": true}
2023-06-12 11:04:32	INFO	grpclog/component.go:36	[core][Channel #1] original dial target is: ":3003"	{"system": "grpc", "grpc_log": true}
2023-06-12 11:04:32	INFO	grpclog/component.go:36	[core][Server #2 ListenSocket #3] ListenSocket created	{"system": "grpc", "grpc_log": true}
2023-06-12 11:04:32	INFO	grpclog/component.go:36	[core][Channel #1] dial target ":3003" parse failed: parse ":3003": missing protocol scheme	{"system": "grpc", "grpc_log": true}
2023-06-12 11:04:32	INFO	grpclog/component.go:36	[core][Channel #1] fallback to scheme "passthrough"	{"system": "grpc", "grpc_log": true}
2023-06-12 11:04:32	INFO	grpclog/component.go:36	[core][Channel #1] parsed dial target is: {Scheme:passthrough Authority: URL:{Scheme:passthrough Opaque: User: Host: Path:/:3003 RawPath: OmitHost:false ForceQuery:false RawQuery: Fragment: RawFragment:}}	{"system": "grpc", "grpc_log": true}
2023-06-12 11:04:32	INFO	grpclog/component.go:36	[core][Channel #1] Channel authority set to "localhost:3003"	{"system": "grpc", "grpc_log": true}
2023-06-12 11:04:32	INFO	grpclog/component.go:36	[core][Channel #1] Resolver state updated: {
  "Addresses": [
    {
      "Addr": ":3003",
      "ServerName": "",
      "Attributes": null,
      "BalancerAttributes": null,
      "Type": 0,
      "Metadata": null
    }
  ],
  "ServiceConfig": null,
  "Attributes": null
} (resolver returned new addresses)	{"system": "grpc", "grpc_log": true}
2023-06-12 11:04:32	INFO	grpclog/component.go:36	[core][Channel #1] Channel switches to new LB policy "pick_first"	{"system": "grpc", "grpc_log": true}
2023-06-12 11:04:32	INFO	grpclog/component.go:36	[core][Channel #1 SubChannel #4] Subchannel created	{"system": "grpc", "grpc_log": true}
2023-06-12 11:04:32	INFO	grpclog/component.go:36	[core][Channel #1] Channel Connectivity change to CONNECTING	{"system": "grpc", "grpc_log": true}
2023-06-12 11:04:32	INFO	grpclog/component.go:36	[core][Channel #1 SubChannel #4] Subchannel Connectivity change to CONNECTING	{"system": "grpc", "grpc_log": true}
2023-06-12 11:04:32	INFO	grpclog/component.go:36	[core][Channel #1 SubChannel #4] Subchannel picks a new address ":3003" to connect	{"system": "grpc", "grpc_log": true}
2023-06-12 11:04:32	INFO	grpclog/component.go:36	[core][Channel #1 SubChannel #4] Subchannel Connectivity change to READY	{"system": "grpc", "grpc_log": true}
2023-06-12 11:04:32	INFO	grpclog/component.go:36	[core][Channel #1] Channel Connectivity change to READY	{"system": "grpc", "grpc_log": true}
2023-06-12 11:04:36	INFO	zap/options.go:212	finished unary call with code OK	{"grpc.start_time": "2023-06-12T11:04:36+08:00", "system": "grpc", "span.kind": "server", "grpc.service": "kob.matching.matching_system", "grpc.method": "Remove", "peer.address": "127.0.0.1:48812", "grpc.code": "OK", "grpc.time_ms": 0.116}
2023-06-12 11:04:37	INFO	zap/options.go:212	finished unary call with code OK	{"grpc.start_time": "2023-06-12T11:04:37+08:00", "system": "grpc", "span.kind": "server", "grpc.service": "kob.matching.matching_system", "grpc.method": "Remove", "peer.address": "127.0.0.1:48812", "grpc.code": "OK", "grpc.time_ms": 0.225}
2023-06-12 11:04:39	INFO	zap/options.go:212	finished unary call with code OK	{"grpc.start_time": "2023-06-12T11:04:39+08:00", "system": "grpc", "span.kind": "server", "grpc.service": "kob.matching.matching_system", "grpc.method": "AddUser", "peer.address": "127.0.0.1:48812", "grpc.code": "OK", "grpc.time_ms": 1.555}
2023-06-12 11:04:40	INFO	zap/options.go:212	finished unary call with code OK	{"grpc.start_time": "2023-06-12T11:04:40+08:00", "system": "grpc", "span.kind": "server", "grpc.service": "kob.matching.matching_system", "grpc.method": "AddUser", "peer.address": "127.0.0.1:48812", "grpc.code": "OK", "grpc.time_ms": 2.32}
2023-06-12 11:04:40	INFO	matchutil/pool.go:59	matching success playerA:{18 -1 1500 0}, playerB:{19 -1 1500 0}
2023-06-12 11:07:52	INFO	grpclog/component.go:36	[core][Channel #1 SubChannel #4] Subchannel Connectivity change to IDLE	{"system": "grpc", "grpc_log": true}
2023-06-12 11:07:52	INFO	grpclog/component.go:36	[core][Channel #1] Channel Connectivity change to IDLE	{"system": "grpc", "grpc_log": true}
2023-06-12 11:08:03	INFO	zap/options.go:212	finished unary call with code OK	{"grpc.start_time": "2023-06-12T11:08:03+08:00", "system": "grpc", "span.kind": "server", "grpc.service": "kob.matching.matching_system", "grpc.method": "AddUser", "peer.address": "127.0.0.1:48816", "grpc.code": "OK", "grpc.time_ms": 1.158}
2023-06-12 11:08:04	INFO	zap/options.go:212	finished unary call with code OK	{"grpc.start_time": "2023-06-12T11:08:04+08:00", "system": "grpc", "span.kind": "server", "grpc.service": "kob.matching.matching_system", "grpc.method": "AddUser", "peer.address": "127.0.0.1:48816", "grpc.code": "OK", "grpc.time_ms": 1.221}
2023-06-12 11:08:04	INFO	matchutil/pool.go:59	matching success playerA:{18 -1 1500 0}, playerB:{19 -1 1500 0}
2023-06-12 11:08:04	INFO	grpclog/component.go:36	[core][Channel #1 SubChannel #4] Subchannel Connectivity change to CONNECTING	{"system": "grpc", "grpc_log": true}
2023-06-12 11:08:04	INFO	grpclog/component.go:36	[core][Channel #1 SubChannel #4] Subchannel picks a new address ":3003" to connect	{"system": "grpc", "grpc_log": true}
2023-06-12 11:08:04	INFO	grpclog/component.go:36	[core][Channel #1] Channel Connectivity change to CONNECTING	{"system": "grpc", "grpc_log": true}
2023-06-12 11:08:04	INFO	grpclog/component.go:36	[core][Channel #1 SubChannel #4] Subchannel Connectivity change to READY	{"system": "grpc", "grpc_log": true}
2023-06-12 11:08:04	INFO	grpclog/component.go:36	[core][Channel #1] Channel Connectivity change to READY	{"system": "grpc", "grpc_log": true}
2023-06-14 08:39:05	INFO	grpclog/component.go:36	[core][Channel #1] parsed dial target is: {Scheme:passthrough Authority: URL:{Scheme:passthrough Opaque: User: Host: Path:/:3003 RawPath: OmitHost:false ForceQuery:false RawQuery: Fragment: RawFragment:}}	{"system": "grpc", "grpc_log": true}
2023-06-14 08:39:05	INFO	grpclog/component.go:36	[core][Channel #1] Channel authority set to "localhost:3003"	{"system": "grpc", "grpc_log": true}
2023-06-14 08:39:05	INFO	grpclog/component.go:36	[core][Channel #1] Resolver state updated: {
  "Addresses": [
    {
      "Addr": ":3003",
      "ServerName": "",
      "Attributes": null,
      "BalancerAttributes": null,
      "Type": 0,
      "Metadata": null
    }
  ],
  "ServiceConfig": null,
  "Attributes": null
} (resolver returned new addresses)	{"system": "grpc", "grpc_log": true}
2023-06-14 08:39:05	INFO	grpclog/component.go:36	[core][Channel #1] Channel switches to new LB policy "pick_first"	{"system": "grpc", "grpc_log": true}
2023-06-14 08:39:05	INFO	grpclog/component.go:36	[core][Channel #1 SubChannel #3] Subchannel created	{"system": "grpc", "grpc_log": true}
2023-06-14 08:39:05	INFO	grpclog/component.go:36	[core][Channel #1] Channel Connectivity change to CONNECTING	{"system": "grpc", "grpc_log": true}
2023-06-14 08:39:05	INFO	grpclog/component.go:36	[core][Channel #1 SubChannel #3] Subchannel Connectivity change to CONNECTING	{"system": "grpc", "grpc_log": true}
2023-06-14 08:39:05	INFO	grpclog/component.go:36	[core][Channel #1 SubChannel #3] Subchannel picks a new address ":3003" to connect	{"system": "grpc", "grpc_log": true}
2023-06-14 08:39:05	INFO	grpclog/component.go:36	[core][Server #2] Server created	{"system": "grpc", "grpc_log": true}
2023-06-14 08:39:05	INFO	grpclog/component.go:36	[core][Server #2 ListenSocket #4] ListenSocket created	{"system": "grpc", "grpc_log": true}
2023-06-14 08:39:05	INFO	grpclog/component.go:36	[core][Channel #1 SubChannel #3] Subchannel Connectivity change to TRANSIENT_FAILURE, last error: connection error: desc = "transport: Error while dialing: dial tcp :3003: connect: connection refused"	{"system": "grpc", "grpc_log": true}
2023-06-14 08:39:05	INFO	grpclog/component.go:36	[core][Channel #1] Channel Connectivity change to TRANSIENT_FAILURE	{"system": "grpc", "grpc_log": true}
2023-06-14 08:39:06	INFO	grpclog/component.go:36	[core][Channel #1 SubChannel #3] Subchannel Connectivity change to IDLE, last error: connection error: desc = "transport: Error while dialing: dial tcp :3003: connect: connection refused"	{"system": "grpc", "grpc_log": true}
2023-06-14 08:39:06	INFO	grpclog/component.go:36	[core][Channel #1] Channel Connectivity change to IDLE	{"system": "grpc", "grpc_log": true}
2023-06-14 08:51:03	INFO	zap/options.go:212	finished unary call with code OK	{"grpc.start_time": "2023-06-14T08:51:03+08:00", "system": "grpc", "span.kind": "server", "grpc.service": "kob.matching.matching_system", "grpc.method": "AddUser", "peer.address": "127.0.0.1:59394", "grpc.code": "OK", "grpc.time_ms": 1.387}
2023-06-14 08:51:04	INFO	zap/options.go:212	finished unary call with code OK	{"grpc.start_time": "2023-06-14T08:51:04+08:00", "system": "grpc", "span.kind": "server", "grpc.service": "kob.matching.matching_system", "grpc.method": "AddUser", "peer.address": "127.0.0.1:59394", "grpc.code": "OK", "grpc.time_ms": 1.306}
2023-06-14 08:51:06	INFO	matchutil/pool.go:59	matching success playerA:{19 -1 1500 0}, playerB:{18 -1 1500 0}
2023-06-14 08:51:06	INFO	grpclog/component.go:36	[core][Channel #1 SubChannel #3] Subchannel Connectivity change to CONNECTING	{"system": "grpc", "grpc_log": true}
2023-06-14 08:51:06	INFO	grpclog/component.go:36	[core][Channel #1 SubChannel #3] Subchannel picks a new address ":3003" to connect	{"system": "grpc", "grpc_log": true}
2023-06-14 08:51:06	INFO	grpclog/component.go:36	[core][Channel #1] Channel Connectivity change to CONNECTING	{"system": "grpc", "grpc_log": true}
2023-06-14 08:51:06	INFO	grpclog/component.go:36	[core][Channel #1 SubChannel #3] Subchannel Connectivity change to READY	{"system": "grpc", "grpc_log": true}
2023-06-14 08:51:06	INFO	grpclog/component.go:36	[core][Channel #1] Channel Connectivity change to READY	{"system": "grpc", "grpc_log": true}
2023-06-14 08:52:23	INFO	grpclog/component.go:36	[core][Channel #1 SubChannel #3] Subchannel Connectivity change to IDLE	{"system": "grpc", "grpc_log": true}
2023-06-14 08:52:23	INFO	grpclog/component.go:36	[core][Channel #1] Channel Connectivity change to IDLE	{"system": "grpc", "grpc_log": true}
2023-06-14 08:52:31	INFO	grpclog/component.go:36	[core][Channel #1] original dial target is: ":3003"	{"system": "grpc", "grpc_log": true}
2023-06-14 08:52:31	INFO	grpclog/component.go:36	[core][Server #2] Server created	{"system": "grpc", "grpc_log": true}
2023-06-14 08:52:31	INFO	grpclog/component.go:36	[core][Channel #1] dial target ":3003" parse failed: parse ":3003": missing protocol scheme	{"system": "grpc", "grpc_log": true}
2023-06-14 08:52:31	INFO	grpclog/component.go:36	[core][Channel #1] fallback to scheme "passthrough"	{"system": "grpc", "grpc_log": true}
2023-06-14 08:52:31	INFO	grpclog/component.go:36	[core][Server #2 ListenSocket #3] ListenSocket created	{"system": "grpc", "grpc_log": true}
2023-06-14 08:52:31	INFO	grpclog/component.go:36	[core][Channel #1] parsed dial target is: {Scheme:passthrough Authority: URL:{Scheme:passthrough Opaque: User: Host: Path:/:3003 RawPath: OmitHost:false ForceQuery:false RawQuery: Fragment: RawFragment:}}	{"system": "grpc", "grpc_log": true}
2023-06-14 08:52:31	INFO	grpclog/component.go:36	[core][Channel #1] Channel authority set to "localhost:3003"	{"system": "grpc", "grpc_log": true}
2023-06-14 08:52:31	INFO	grpclog/component.go:36	[core][Channel #1] Resolver state updated: {
  "Addresses": [
    {
      "Addr": ":3003",
      "ServerName": "",
      "Attributes": null,
      "BalancerAttributes": null,
      "Type": 0,
      "Metadata": null
    }
  ],
  "ServiceConfig": null,
  "Attributes": null
} (resolver returned new addresses)	{"system": "grpc", "grpc_log": true}
2023-06-14 08:52:31	INFO	grpclog/component.go:36	[core][Channel #1] Channel switches to new LB policy "pick_first"	{"system": "grpc", "grpc_log": true}
2023-06-14 08:52:31	INFO	grpclog/component.go:36	[core][Channel #1 SubChannel #4] Subchannel created	{"system": "grpc", "grpc_log": true}
2023-06-14 08:52:31	INFO	grpclog/component.go:36	[core][Channel #1] Channel Connectivity change to CONNECTING	{"system": "grpc", "grpc_log": true}
2023-06-14 08:52:31	INFO	grpclog/component.go:36	[core][Channel #1 SubChannel #4] Subchannel Connectivity change to CONNECTING	{"system": "grpc", "grpc_log": true}
2023-06-14 08:52:31	INFO	grpclog/component.go:36	[core][Channel #1 SubChannel #4] Subchannel picks a new address ":3003" to connect	{"system": "grpc", "grpc_log": true}
2023-06-14 08:52:31	INFO	grpclog/component.go:36	[core][Channel #1 SubChannel #4] Subchannel Connectivity change to TRANSIENT_FAILURE, last error: connection error: desc = "transport: Error while dialing: dial tcp :3003: connect: connection refused"	{"system": "grpc", "grpc_log": true}
2023-06-14 08:52:31	INFO	grpclog/component.go:36	[core][Channel #1] Channel Connectivity change to TRANSIENT_FAILURE	{"system": "grpc", "grpc_log": true}
2023-06-14 08:52:32	INFO	grpclog/component.go:36	[core][Channel #1 SubChannel #4] Subchannel Connectivity change to IDLE, last error: connection error: desc = "transport: Error while dialing: dial tcp :3003: connect: connection refused"	{"system": "grpc", "grpc_log": true}
2023-06-14 08:52:32	INFO	grpclog/component.go:36	[core][Channel #1] Channel Connectivity change to IDLE	{"system": "grpc", "grpc_log": true}
2023-06-14 08:52:42	INFO	zap/options.go:212	finished unary call with code OK	{"grpc.start_time": "2023-06-14T08:52:42+08:00", "system": "grpc", "span.kind": "server", "grpc.service": "kob.matching.matching_system", "grpc.method": "AddUser", "peer.address": "127.0.0.1:59418", "grpc.code": "OK", "grpc.time_ms": 1.311}
2023-06-14 08:52:43	INFO	zap/options.go:212	finished unary call with code OK	{"grpc.start_time": "2023-06-14T08:52:43+08:00", "system": "grpc", "span.kind": "server", "grpc.service": "kob.matching.matching_system", "grpc.method": "AddUser", "peer.address": "127.0.0.1:59418", "grpc.code": "OK", "grpc.time_ms": 1.817}
2023-06-14 08:52:45	INFO	matchutil/pool.go:59	matching success playerA:{19 -1 1500 0}, playerB:{18 -1 1500 0}
2023-06-14 08:52:45	INFO	grpclog/component.go:36	[core][Channel #1 SubChannel #4] Subchannel Connectivity change to CONNECTING	{"system": "grpc", "grpc_log": true}
2023-06-14 08:52:45	INFO	grpclog/component.go:36	[core][Channel #1 SubChannel #4] Subchannel picks a new address ":3003" to connect	{"system": "grpc", "grpc_log": true}
2023-06-14 08:52:45	INFO	grpclog/component.go:36	[core][Channel #1] Channel Connectivity change to CONNECTING	{"system": "grpc", "grpc_log": true}
2023-06-14 08:52:45	INFO	grpclog/component.go:36	[core][Channel #1 SubChannel #4] Subchannel Connectivity change to READY	{"system": "grpc", "grpc_log": true}
2023-06-14 08:52:45	INFO	grpclog/component.go:36	[core][Channel #1] Channel Connectivity change to READY	{"system": "grpc", "grpc_log": true}
2023-06-14 08:53:56	INFO	grpclog/component.go:36	[core][Channel #1 SubChannel #4] Subchannel Connectivity change to IDLE	{"system": "grpc", "grpc_log": true}
2023-06-14 08:53:56	INFO	grpclog/component.go:36	[core][Channel #1] Channel Connectivity change to IDLE	{"system": "grpc", "grpc_log": true}
2023-06-14 08:54:19	INFO	zap/options.go:212	finished unary call with code OK	{"grpc.start_time": "2023-06-14T08:54:19+08:00", "system": "grpc", "span.kind": "server", "grpc.service": "kob.matching.matching_system", "grpc.method": "AddUser", "peer.address": "127.0.0.1:59448", "grpc.code": "OK", "grpc.time_ms": 1.058}
2023-06-14 08:54:20	INFO	zap/options.go:212	finished unary call with code OK	{"grpc.start_time": "2023-06-14T08:54:20+08:00", "system": "grpc", "span.kind": "server", "grpc.service": "kob.matching.matching_system", "grpc.method": "AddUser", "peer.address": "127.0.0.1:59448", "grpc.code": "OK", "grpc.time_ms": 1.019}
2023-06-14 08:54:21	INFO	matchutil/pool.go:59	matching success playerA:{19 -1 1500 0}, playerB:{18 -1 1500 0}
2023-06-14 08:54:21	INFO	grpclog/component.go:36	[core][Channel #1 SubChannel #4] Subchannel Connectivity change to CONNECTING	{"system": "grpc", "grpc_log": true}
2023-06-14 08:54:21	INFO	grpclog/component.go:36	[core][Channel #1 SubChannel #4] Subchannel picks a new address ":3003" to connect	{"system": "grpc", "grpc_log": true}
2023-06-14 08:54:21	INFO	grpclog/component.go:36	[core][Channel #1] Channel Connectivity change to CONNECTING	{"system": "grpc", "grpc_log": true}
2023-06-14 08:54:21	INFO	grpclog/component.go:36	[core][Channel #1 SubChannel #4] Subchannel Connectivity change to READY	{"system": "grpc", "grpc_log": true}
2023-06-14 08:54:21	INFO	grpclog/component.go:36	[core][Channel #1] Channel Connectivity change to READY	{"system": "grpc", "grpc_log": true}
2023-06-14 08:54:44	INFO	zap/options.go:212	finished unary call with code OK	{"grpc.start_time": "2023-06-14T08:54:44+08:00", "system": "grpc", "span.kind": "server", "grpc.service": "kob.matching.matching_system", "grpc.method": "AddUser", "peer.address": "127.0.0.1:59448", "grpc.code": "OK", "grpc.time_ms": 1.038}
2023-06-14 08:54:44	INFO	zap/options.go:212	finished unary call with code OK	{"grpc.start_time": "2023-06-14T08:54:44+08:00", "system": "grpc", "span.kind": "server", "grpc.service": "kob.matching.matching_system", "grpc.method": "AddUser", "peer.address": "127.0.0.1:59448", "grpc.code": "OK", "grpc.time_ms": 1.127}
2023-06-14 08:54:45	INFO	matchutil/pool.go:59	matching success playerA:{19 -1 1500 0}, playerB:{18 -1 1500 0}
2023-06-14 08:56:00	INFO	grpclog/component.go:36	[core][Channel #1 SubChannel #4] Subchannel Connectivity change to IDLE	{"system": "grpc", "grpc_log": true}
2023-06-14 08:56:00	INFO	grpclog/component.go:36	[core][Channel #1] Channel Connectivity change to IDLE	{"system": "grpc", "grpc_log": true}
2023-06-14 08:56:12	INFO	zap/options.go:212	finished unary call with code OK	{"grpc.start_time": "2023-06-14T08:56:12+08:00", "system": "grpc", "span.kind": "server", "grpc.service": "kob.matching.matching_system", "grpc.method": "AddUser", "peer.address": "127.0.0.1:59474", "grpc.code": "OK", "grpc.time_ms": 1.075}
2023-06-14 08:56:13	INFO	zap/options.go:212	finished unary call with code OK	{"grpc.start_time": "2023-06-14T08:56:13+08:00", "system": "grpc", "span.kind": "server", "grpc.service": "kob.matching.matching_system", "grpc.method": "AddUser", "peer.address": "127.0.0.1:59474", "grpc.code": "OK", "grpc.time_ms": 1.031}
2023-06-14 08:56:15	INFO	matchutil/pool.go:59	matching success playerA:{19 -1 1500 0}, playerB:{18 -1 1500 0}
2023-06-14 08:56:15	INFO	grpclog/component.go:36	[core][Channel #1 SubChannel #4] Subchannel Connectivity change to CONNECTING	{"system": "grpc", "grpc_log": true}
2023-06-14 08:56:15	INFO	grpclog/component.go:36	[core][Channel #1 SubChannel #4] Subchannel picks a new address ":3003" to connect	{"system": "grpc", "grpc_log": true}
2023-06-14 08:56:15	INFO	grpclog/component.go:36	[core][Channel #1] Channel Connectivity change to CONNECTING	{"system": "grpc", "grpc_log": true}
2023-06-14 08:56:15	INFO	grpclog/component.go:36	[core][Channel #1 SubChannel #4] Subchannel Connectivity change to READY	{"system": "grpc", "grpc_log": true}
2023-06-14 08:56:15	INFO	grpclog/component.go:36	[core][Channel #1] Channel Connectivity change to READY	{"system": "grpc", "grpc_log": true}
2023-06-14 08:56:27	INFO	grpclog/component.go:36	[core][Channel #1 SubChannel #4] Subchannel Connectivity change to IDLE	{"system": "grpc", "grpc_log": true}
2023-06-14 08:56:27	INFO	grpclog/component.go:36	[core][Channel #1] Channel Connectivity change to IDLE	{"system": "grpc", "grpc_log": true}
2023-06-14 08:56:38	INFO	zap/options.go:212	finished unary call with code OK	{"grpc.start_time": "2023-06-14T08:56:38+08:00", "system": "grpc", "span.kind": "server", "grpc.service": "kob.matching.matching_system", "grpc.method": "AddUser", "peer.address": "127.0.0.1:59494", "grpc.code": "OK", "grpc.time_ms": 1.147}
2023-06-14 08:56:39	INFO	zap/options.go:212	finished unary call with code OK	{"grpc.start_time": "2023-06-14T08:56:39+08:00", "system": "grpc", "span.kind": "server", "grpc.service": "kob.matching.matching_system", "grpc.method": "AddUser", "peer.address": "127.0.0.1:59494", "grpc.code": "OK", "grpc.time_ms": 1.034}
2023-06-14 08:56:39	INFO	matchutil/pool.go:59	matching success playerA:{19 -1 1500 0}, playerB:{18 -1 1500 0}
2023-06-14 08:56:39	INFO	grpclog/component.go:36	[core][Channel #1 SubChannel #4] Subchannel Connectivity change to CONNECTING	{"system": "grpc", "grpc_log": true}
2023-06-14 08:56:39	INFO	grpclog/component.go:36	[core][Channel #1 SubChannel #4] Subchannel picks a new address ":3003" to connect	{"system": "grpc", "grpc_log": true}
2023-06-14 08:56:39	INFO	grpclog/component.go:36	[core][Channel #1] Channel Connectivity change to CONNECTING	{"system": "grpc", "grpc_log": true}
2023-06-14 08:56:39	INFO	grpclog/component.go:36	[core][Channel #1 SubChannel #4] Subchannel Connectivity change to READY	{"system": "grpc", "grpc_log": true}
2023-06-14 08:56:39	INFO	grpclog/component.go:36	[core][Channel #1] Channel Connectivity change to READY	{"system": "grpc", "grpc_log": true}
2023-06-14 08:56:57	INFO	zap/options.go:212	finished unary call with code OK	{"grpc.start_time": "2023-06-14T08:56:57+08:00", "system": "grpc", "span.kind": "server", "grpc.service": "kob.matching.matching_system", "grpc.method": "AddUser", "peer.address": "127.0.0.1:59494", "grpc.code": "OK", "grpc.time_ms": 1.361}
2023-06-14 08:56:58	INFO	zap/options.go:212	finished unary call with code OK	{"grpc.start_time": "2023-06-14T08:56:58+08:00", "system": "grpc", "span.kind": "server", "grpc.service": "kob.matching.matching_system", "grpc.method": "AddUser", "peer.address": "127.0.0.1:59494", "grpc.code": "OK", "grpc.time_ms": 1.538}
2023-06-14 08:56:59	INFO	matchutil/pool.go:59	matching success playerA:{19 -1 1500 0}, playerB:{18 -1 1500 0}
2023-06-14 08:59:58	INFO	grpclog/component.go:36	[core][Channel #1 SubChannel #4] Subchannel Connectivity change to IDLE	{"system": "grpc", "grpc_log": true}
2023-06-14 08:59:58	INFO	grpclog/component.go:36	[core][Channel #1] Channel Connectivity change to IDLE	{"system": "grpc", "grpc_log": true}
2023-06-14 09:00:21	INFO	zap/options.go:212	finished unary call with code OK	{"grpc.start_time": "2023-06-14T09:00:21+08:00", "system": "grpc", "span.kind": "server", "grpc.service": "kob.matching.matching_system", "grpc.method": "AddUser", "peer.address": "127.0.0.1:59528", "grpc.code": "OK", "grpc.time_ms": 1.141}
2023-06-14 09:00:22	INFO	zap/options.go:212	finished unary call with code OK	{"grpc.start_time": "2023-06-14T09:00:22+08:00", "system": "grpc", "span.kind": "server", "grpc.service": "kob.matching.matching_system", "grpc.method": "AddUser", "peer.address": "127.0.0.1:59528", "grpc.code": "OK", "grpc.time_ms": 1.047}
2023-06-14 09:00:23	INFO	matchutil/pool.go:59	matching success playerA:{19 -1 1500 0}, playerB:{18 -1 1500 0}
2023-06-14 09:00:23	INFO	grpclog/component.go:36	[core][Channel #1 SubChannel #4] Subchannel Connectivity change to CONNECTING	{"system": "grpc", "grpc_log": true}
2023-06-14 09:00:23	INFO	grpclog/component.go:36	[core][Channel #1 SubChannel #4] Subchannel picks a new address ":3003" to connect	{"system": "grpc", "grpc_log": true}
2023-06-14 09:00:23	INFO	grpclog/component.go:36	[core][Channel #1] Channel Connectivity change to CONNECTING	{"system": "grpc", "grpc_log": true}
2023-06-14 09:00:23	INFO	grpclog/component.go:36	[core][Channel #1 SubChannel #4] Subchannel Connectivity change to READY	{"system": "grpc", "grpc_log": true}
2023-06-14 09:00:23	INFO	grpclog/component.go:36	[core][Channel #1] Channel Connectivity change to READY	{"system": "grpc", "grpc_log": true}
2023-06-14 09:00:35	INFO	zap/options.go:212	finished unary call with code OK	{"grpc.start_time": "2023-06-14T09:00:35+08:00", "system": "grpc", "span.kind": "server", "grpc.service": "kob.matching.matching_system", "grpc.method": "AddUser", "peer.address": "127.0.0.1:59528", "grpc.code": "OK", "grpc.time_ms": 0.98}
2023-06-14 09:00:36	INFO	zap/options.go:212	finished unary call with code OK	{"grpc.start_time": "2023-06-14T09:00:36+08:00", "system": "grpc", "span.kind": "server", "grpc.service": "kob.matching.matching_system", "grpc.method": "AddUser", "peer.address": "127.0.0.1:59528", "grpc.code": "OK", "grpc.time_ms": 1.851}
2023-06-14 09:00:37	INFO	matchutil/pool.go:59	matching success playerA:{19 -1 1500 0}, playerB:{18 -1 1500 0}
2023-06-14 09:12:34	INFO	grpclog/component.go:36	[core][Channel #1 SubChannel #4] Subchannel Connectivity change to IDLE	{"system": "grpc", "grpc_log": true}
2023-06-14 09:12:34	INFO	grpclog/component.go:36	[core][Channel #1] Channel Connectivity change to IDLE	{"system": "grpc", "grpc_log": true}
2023-06-14 09:12:57	INFO	zap/options.go:212	finished unary call with code OK	{"grpc.start_time": "2023-06-14T09:12:57+08:00", "system": "grpc", "span.kind": "server", "grpc.service": "kob.matching.matching_system", "grpc.method": "AddUser", "peer.address": "127.0.0.1:59556", "grpc.code": "OK", "grpc.time_ms": 1.293}
2023-06-14 09:12:58	INFO	zap/options.go:212	finished unary call with code OK	{"grpc.start_time": "2023-06-14T09:12:58+08:00", "system": "grpc", "span.kind": "server", "grpc.service": "kob.matching.matching_system", "grpc.method": "AddUser", "peer.address": "127.0.0.1:59556", "grpc.code": "OK", "grpc.time_ms": 0.917}
2023-06-14 09:13:00	INFO	matchutil/pool.go:59	matching success playerA:{19 -1 1500 0}, playerB:{18 -1 1500 0}
2023-06-14 09:13:00	INFO	grpclog/component.go:36	[core][Channel #1 SubChannel #4] Subchannel Connectivity change to CONNECTING	{"system": "grpc", "grpc_log": true}
2023-06-14 09:13:00	INFO	grpclog/component.go:36	[core][Channel #1 SubChannel #4] Subchannel picks a new address ":3003" to connect	{"system": "grpc", "grpc_log": true}
2023-06-14 09:13:00	INFO	grpclog/component.go:36	[core][Channel #1] Channel Connectivity change to CONNECTING	{"system": "grpc", "grpc_log": true}
2023-06-14 09:13:00	INFO	grpclog/component.go:36	[core][Channel #1 SubChannel #4] Subchannel Connectivity change to READY	{"system": "grpc", "grpc_log": true}
2023-06-14 09:13:00	INFO	grpclog/component.go:36	[core][Channel #1] Channel Connectivity change to READY	{"system": "grpc", "grpc_log": true}
2023-06-14 09:14:15	INFO	grpclog/component.go:36	[core][Channel #1 SubChannel #4] Subchannel Connectivity change to IDLE	{"system": "grpc", "grpc_log": true}
2023-06-14 09:14:15	INFO	grpclog/component.go:36	[core][Channel #1] Channel Connectivity change to IDLE	{"system": "grpc", "grpc_log": true}
2023-06-14 09:14:32	INFO	zap/options.go:212	finished unary call with code OK	{"grpc.start_time": "2023-06-14T09:14:32+08:00", "system": "grpc", "span.kind": "server", "grpc.service": "kob.matching.matching_system", "grpc.method": "AddUser", "peer.address": "127.0.0.1:59584", "grpc.code": "OK", "grpc.time_ms": 1.214}
2023-06-14 09:14:33	INFO	zap/options.go:212	finished unary call with code OK	{"grpc.start_time": "2023-06-14T09:14:33+08:00", "system": "grpc", "span.kind": "server", "grpc.service": "kob.matching.matching_system", "grpc.method": "AddUser", "peer.address": "127.0.0.1:59584", "grpc.code": "OK", "grpc.time_ms": 1.001}
2023-06-14 09:14:34	INFO	matchutil/pool.go:59	matching success playerA:{19 -1 1500 0}, playerB:{18 -1 1500 0}
2023-06-14 09:14:34	INFO	grpclog/component.go:36	[core][Channel #1 SubChannel #4] Subchannel Connectivity change to CONNECTING	{"system": "grpc", "grpc_log": true}
2023-06-14 09:14:34	INFO	grpclog/component.go:36	[core][Channel #1 SubChannel #4] Subchannel picks a new address ":3003" to connect	{"system": "grpc", "grpc_log": true}
2023-06-14 09:14:34	INFO	grpclog/component.go:36	[core][Channel #1] Channel Connectivity change to CONNECTING	{"system": "grpc", "grpc_log": true}
2023-06-14 09:14:34	INFO	grpclog/component.go:36	[core][Channel #1 SubChannel #4] Subchannel Connectivity change to READY	{"system": "grpc", "grpc_log": true}
2023-06-14 09:14:34	INFO	grpclog/component.go:36	[core][Channel #1] Channel Connectivity change to READY	{"system": "grpc", "grpc_log": true}
2023-06-14 09:18:42	INFO	grpclog/component.go:36	[core][Channel #1 SubChannel #4] Subchannel Connectivity change to IDLE	{"system": "grpc", "grpc_log": true}
2023-06-14 09:18:42	INFO	grpclog/component.go:36	[core][Channel #1] Channel Connectivity change to IDLE	{"system": "grpc", "grpc_log": true}
2023-06-14 09:18:55	INFO	zap/options.go:212	finished unary call with code OK	{"grpc.start_time": "2023-06-14T09:18:55+08:00", "system": "grpc", "span.kind": "server", "grpc.service": "kob.matching.matching_system", "grpc.method": "AddUser", "peer.address": "127.0.0.1:59616", "grpc.code": "OK", "grpc.time_ms": 1.284}
2023-06-14 09:18:56	INFO	zap/options.go:212	finished unary call with code OK	{"grpc.start_time": "2023-06-14T09:18:56+08:00", "system": "grpc", "span.kind": "server", "grpc.service": "kob.matching.matching_system", "grpc.method": "AddUser", "peer.address": "127.0.0.1:59616", "grpc.code": "OK", "grpc.time_ms": 1.003}
2023-06-14 09:18:56	INFO	matchutil/pool.go:59	matching success playerA:{19 -1 1500 0}, playerB:{18 -1 1500 0}
2023-06-14 09:18:56	INFO	grpclog/component.go:36	[core][Channel #1 SubChannel #4] Subchannel Connectivity change to CONNECTING	{"system": "grpc", "grpc_log": true}
2023-06-14 09:18:56	INFO	grpclog/component.go:36	[core][Channel #1 SubChannel #4] Subchannel picks a new address ":3003" to connect	{"system": "grpc", "grpc_log": true}
2023-06-14 09:18:56	INFO	grpclog/component.go:36	[core][Channel #1] Channel Connectivity change to CONNECTING	{"system": "grpc", "grpc_log": true}
2023-06-14 09:18:56	INFO	grpclog/component.go:36	[core][Channel #1 SubChannel #4] Subchannel Connectivity change to READY	{"system": "grpc", "grpc_log": true}
2023-06-14 09:18:56	INFO	grpclog/component.go:36	[core][Channel #1] Channel Connectivity change to READY	{"system": "grpc", "grpc_log": true}
2023-06-14 09:19:10	INFO	zap/options.go:212	finished unary call with code OK	{"grpc.start_time": "2023-06-14T09:19:10+08:00", "system": "grpc", "span.kind": "server", "grpc.service": "kob.matching.matching_system", "grpc.method": "AddUser", "peer.address": "127.0.0.1:59616", "grpc.code": "OK", "grpc.time_ms": 1.194}
2023-06-14 09:19:12	INFO	zap/options.go:212	finished unary call with code OK	{"grpc.start_time": "2023-06-14T09:19:12+08:00", "system": "grpc", "span.kind": "server", "grpc.service": "kob.matching.matching_system", "grpc.method": "AddUser", "peer.address": "127.0.0.1:59616", "grpc.code": "OK", "grpc.time_ms": 0.919}
2023-06-14 09:19:14	INFO	matchutil/pool.go:59	matching success playerA:{19 -1 1500 0}, playerB:{18 -1 1500 0}
2023-06-14 09:22:36	INFO	grpclog/component.go:36	[core][Channel #1 SubChannel #4] Subchannel Connectivity change to IDLE	{"system": "grpc", "grpc_log": true}
2023-06-14 09:22:36	INFO	grpclog/component.go:36	[core][Channel #1] Channel Connectivity change to IDLE	{"system": "grpc", "grpc_log": true}
2023-06-14 09:22:59	INFO	zap/options.go:212	finished unary call with code OK	{"grpc.start_time": "2023-06-14T09:22:59+08:00", "system": "grpc", "span.kind": "server", "grpc.service": "kob.matching.matching_system", "grpc.method": "AddUser", "peer.address": "127.0.0.1:59646", "grpc.code": "OK", "grpc.time_ms": 1.256}
2023-06-14 09:23:00	INFO	zap/options.go:212	finished unary call with code OK	{"grpc.start_time": "2023-06-14T09:23:00+08:00", "system": "grpc", "span.kind": "server", "grpc.service": "kob.matching.matching_system", "grpc.method": "AddUser", "peer.address": "127.0.0.1:59646", "grpc.code": "OK", "grpc.time_ms": 1.165}
2023-06-14 09:23:02	INFO	matchutil/pool.go:59	matching success playerA:{19 -1 1500 0}, playerB:{18 -1 1500 0}
2023-06-14 09:23:02	INFO	grpclog/component.go:36	[core][Channel #1 SubChannel #4] Subchannel Connectivity change to CONNECTING	{"system": "grpc", "grpc_log": true}
2023-06-14 09:23:02	INFO	grpclog/component.go:36	[core][Channel #1 SubChannel #4] Subchannel picks a new address ":3003" to connect	{"system": "grpc", "grpc_log": true}
2023-06-14 09:23:02	INFO	grpclog/component.go:36	[core][Channel #1] Channel Connectivity change to CONNECTING	{"system": "grpc", "grpc_log": true}
2023-06-14 09:23:02	INFO	grpclog/component.go:36	[core][Channel #1 SubChannel #4] Subchannel Connectivity change to READY	{"system": "grpc", "grpc_log": true}
2023-06-14 09:23:02	INFO	grpclog/component.go:36	[core][Channel #1] Channel Connectivity change to READY	{"system": "grpc", "grpc_log": true}
2023-06-14 09:24:01	INFO	grpclog/component.go:36	[core][Channel #1 SubChannel #4] Subchannel Connectivity change to IDLE	{"system": "grpc", "grpc_log": true}
2023-06-14 09:24:01	INFO	grpclog/component.go:36	[core][Channel #1] Channel Connectivity change to IDLE	{"system": "grpc", "grpc_log": true}
2023-06-14 09:24:18	INFO	zap/options.go:212	finished unary call with code OK	{"grpc.start_time": "2023-06-14T09:24:18+08:00", "system": "grpc", "span.kind": "server", "grpc.service": "kob.matching.matching_system", "grpc.method": "AddUser", "peer.address": "127.0.0.1:59674", "grpc.code": "OK", "grpc.time_ms": 1.047}
2023-06-14 09:24:19	INFO	zap/options.go:212	finished unary call with code OK	{"grpc.start_time": "2023-06-14T09:24:19+08:00", "system": "grpc", "span.kind": "server", "grpc.service": "kob.matching.matching_system", "grpc.method": "AddUser", "peer.address": "127.0.0.1:59674", "grpc.code": "OK", "grpc.time_ms": 1.005}
2023-06-14 09:24:20	INFO	matchutil/pool.go:59	matching success playerA:{19 -1 1500 0}, playerB:{18 -1 1500 0}
2023-06-14 09:24:20	INFO	grpclog/component.go:36	[core][Channel #1 SubChannel #4] Subchannel Connectivity change to CONNECTING	{"system": "grpc", "grpc_log": true}
2023-06-14 09:24:20	INFO	grpclog/component.go:36	[core][Channel #1 SubChannel #4] Subchannel picks a new address ":3003" to connect	{"system": "grpc", "grpc_log": true}
2023-06-14 09:24:20	INFO	grpclog/component.go:36	[core][Channel #1] Channel Connectivity change to CONNECTING	{"system": "grpc", "grpc_log": true}
2023-06-14 09:24:20	INFO	grpclog/component.go:36	[core][Channel #1 SubChannel #4] Subchannel Connectivity change to READY	{"system": "grpc", "grpc_log": true}
2023-06-14 09:24:20	INFO	grpclog/component.go:36	[core][Channel #1] Channel Connectivity change to READY	{"system": "grpc", "grpc_log": true}
2023-06-14 09:24:34	INFO	zap/options.go:212	finished unary call with code OK	{"grpc.start_time": "2023-06-14T09:24:34+08:00", "system": "grpc", "span.kind": "server", "grpc.service": "kob.matching.matching_system", "grpc.method": "AddUser", "peer.address": "127.0.0.1:59674", "grpc.code": "OK", "grpc.time_ms": 1.147}
2023-06-14 09:24:35	INFO	zap/options.go:212	finished unary call with code OK	{"grpc.start_time": "2023-06-14T09:24:35+08:00", "system": "grpc", "span.kind": "server", "grpc.service": "kob.matching.matching_system", "grpc.method": "AddUser", "peer.address": "127.0.0.1:59674", "grpc.code": "OK", "grpc.time_ms": 1.495}
2023-06-14 09:24:36	INFO	matchutil/pool.go:59	matching success playerA:{19 -1 1500 0}, playerB:{18 -1 1500 0}
2023-06-14 10:02:38	INFO	grpclog/component.go:36	[core][Channel #1] dial target ":3003" parse failed: parse ":3003": missing protocol scheme	{"system": "grpc", "grpc_log": true}
2023-06-14 10:02:38	INFO	grpclog/component.go:36	[core][Channel #1] fallback to scheme "passthrough"	{"system": "grpc", "grpc_log": true}
2023-06-14 10:02:38	INFO	grpclog/component.go:36	[core][Channel #1] parsed dial target is: {Scheme:passthrough Authority: URL:{Scheme:passthrough Opaque: User: Host: Path:/:3003 RawPath: OmitHost:false ForceQuery:false RawQuery: Fragment: RawFragment:}}	{"system": "grpc", "grpc_log": true}
2023-06-14 10:02:38	INFO	grpclog/component.go:36	[core][Channel #1] Channel authority set to "localhost:3003"	{"system": "grpc", "grpc_log": true}
2023-06-14 10:02:38	INFO	grpclog/component.go:36	[core][Server #2] Server created	{"system": "grpc", "grpc_log": true}
2023-06-14 10:02:38	INFO	grpclog/component.go:36	[core][Server #2 ListenSocket #3] ListenSocket created	{"system": "grpc", "grpc_log": true}
2023-06-14 10:02:38	INFO	grpclog/component.go:36	[core][Channel #1] Resolver state updated: {
  "Addresses": [
    {
      "Addr": ":3003",
      "ServerName": "",
      "Attributes": null,
      "BalancerAttributes": null,
      "Type": 0,
      "Metadata": null
    }
  ],
  "ServiceConfig": null,
  "Attributes": null
} (resolver returned new addresses)	{"system": "grpc", "grpc_log": true}
2023-06-14 10:02:38	INFO	grpclog/component.go:36	[core][Channel #1] Channel switches to new LB policy "pick_first"	{"system": "grpc", "grpc_log": true}
2023-06-14 10:02:38	INFO	grpclog/component.go:36	[core][Channel #1 SubChannel #4] Subchannel created	{"system": "grpc", "grpc_log": true}
2023-06-14 10:02:38	INFO	grpclog/component.go:36	[core][Channel #1] Channel Connectivity change to CONNECTING	{"system": "grpc", "grpc_log": true}
2023-06-14 10:02:38	INFO	grpclog/component.go:36	[core][Channel #1 SubChannel #4] Subchannel Connectivity change to CONNECTING	{"system": "grpc", "grpc_log": true}
2023-06-14 10:02:38	INFO	grpclog/component.go:36	[core][Channel #1 SubChannel #4] Subchannel picks a new address ":3003" to connect	{"system": "grpc", "grpc_log": true}
2023-06-14 10:02:38	INFO	grpclog/component.go:36	[core][Channel #1 SubChannel #4] Subchannel Connectivity change to READY	{"system": "grpc", "grpc_log": true}
2023-06-14 10:02:38	INFO	grpclog/component.go:36	[core][Channel #1] Channel Connectivity change to READY	{"system": "grpc", "grpc_log": true}
2023-06-14 10:02:52	INFO	zap/options.go:212	finished unary call with code OK	{"grpc.start_time": "2023-06-14T10:02:52+08:00", "system": "grpc", "span.kind": "server", "grpc.service": "kob.matching.matching_system", "grpc.method": "AddUser", "peer.address": "127.0.0.1:59742", "grpc.code": "OK", "grpc.time_ms": 1.443}
2023-06-14 10:02:53	INFO	zap/options.go:212	finished unary call with code OK	{"grpc.start_time": "2023-06-14T10:02:53+08:00", "system": "grpc", "span.kind": "server", "grpc.service": "kob.matching.matching_system", "grpc.method": "AddUser", "peer.address": "127.0.0.1:59742", "grpc.code": "OK", "grpc.time_ms": 1.971}
2023-06-14 10:02:55	INFO	matchutil/pool.go:59	matching success playerA:{19 -1 1500 0}, playerB:{18 -1 1500 0}
2023-06-14 10:04:49	INFO	zap/options.go:212	finished unary call with code OK	{"grpc.start_time": "2023-06-14T10:04:49+08:00", "system": "grpc", "span.kind": "server", "grpc.service": "kob.matching.matching_system", "grpc.method": "AddUser", "peer.address": "127.0.0.1:59742", "grpc.code": "OK", "grpc.time_ms": 0.971}
2023-06-14 10:04:50	INFO	zap/options.go:212	finished unary call with code OK	{"grpc.start_time": "2023-06-14T10:04:50+08:00", "system": "grpc", "span.kind": "server", "grpc.service": "kob.matching.matching_system", "grpc.method": "AddUser", "peer.address": "127.0.0.1:59742", "grpc.code": "OK", "grpc.time_ms": 2.37}
2023-06-14 10:04:51	INFO	matchutil/pool.go:59	matching success playerA:{19 -1 1500 0}, playerB:{18 -1 1500 0}
2023-06-14 10:06:25	INFO	grpclog/component.go:36	[core][Channel #1 SubChannel #4] Subchannel Connectivity change to IDLE	{"system": "grpc", "grpc_log": true}
2023-06-14 10:06:25	INFO	grpclog/component.go:36	[core][Channel #1] Channel Connectivity change to IDLE	{"system": "grpc", "grpc_log": true}
2023-06-14 10:06:43	INFO	zap/options.go:212	finished unary call with code OK	{"grpc.start_time": "2023-06-14T10:06:43+08:00", "system": "grpc", "span.kind": "server", "grpc.service": "kob.matching.matching_system", "grpc.method": "AddUser", "peer.address": "127.0.0.1:59756", "grpc.code": "OK", "grpc.time_ms": 1.133}
2023-06-14 10:06:44	INFO	zap/options.go:212	finished unary call with code OK	{"grpc.start_time": "2023-06-14T10:06:44+08:00", "system": "grpc", "span.kind": "server", "grpc.service": "kob.matching.matching_system", "grpc.method": "AddUser", "peer.address": "127.0.0.1:59756", "grpc.code": "OK", "grpc.time_ms": 1.15}
2023-06-14 10:06:45	INFO	matchutil/pool.go:59	matching success playerA:{19 -1 1500 0}, playerB:{18 -1 1500 0}
2023-06-14 10:06:45	INFO	grpclog/component.go:36	[core][Channel #1 SubChannel #4] Subchannel Connectivity change to CONNECTING	{"system": "grpc", "grpc_log": true}
2023-06-14 10:06:45	INFO	grpclog/component.go:36	[core][Channel #1 SubChannel #4] Subchannel picks a new address ":3003" to connect	{"system": "grpc", "grpc_log": true}
2023-06-14 10:06:45	INFO	grpclog/component.go:36	[core][Channel #1] Channel Connectivity change to CONNECTING	{"system": "grpc", "grpc_log": true}
2023-06-14 10:06:45	INFO	grpclog/component.go:36	[core][Channel #1 SubChannel #4] Subchannel Connectivity change to READY	{"system": "grpc", "grpc_log": true}
2023-06-14 10:06:45	INFO	grpclog/component.go:36	[core][Channel #1] Channel Connectivity change to READY	{"system": "grpc", "grpc_log": true}
2023-06-14 10:08:13	INFO	grpclog/component.go:36	[core][Channel #1 SubChannel #4] Subchannel Connectivity change to IDLE	{"system": "grpc", "grpc_log": true}
2023-06-14 10:08:13	INFO	grpclog/component.go:36	[core][Channel #1] Channel Connectivity change to IDLE	{"system": "grpc", "grpc_log": true}
2023-06-14 10:08:20	INFO	zap/options.go:212	finished unary call with code OK	{"grpc.start_time": "2023-06-14T10:08:20+08:00", "system": "grpc", "span.kind": "server", "grpc.service": "kob.matching.matching_system", "grpc.method": "AddUser", "peer.address": "127.0.0.1:59784", "grpc.code": "OK", "grpc.time_ms": 1.025}
2023-06-14 10:08:21	INFO	zap/options.go:212	finished unary call with code OK	{"grpc.start_time": "2023-06-14T10:08:21+08:00", "system": "grpc", "span.kind": "server", "grpc.service": "kob.matching.matching_system", "grpc.method": "AddUser", "peer.address": "127.0.0.1:59784", "grpc.code": "OK", "grpc.time_ms": 1.202}
2023-06-14 10:08:23	INFO	matchutil/pool.go:59	matching success playerA:{19 -1 1500 0}, playerB:{18 -1 1500 0}
2023-06-14 10:08:23	INFO	grpclog/component.go:36	[core][Channel #1 SubChannel #4] Subchannel Connectivity change to CONNECTING	{"system": "grpc", "grpc_log": true}
2023-06-14 10:08:23	INFO	grpclog/component.go:36	[core][Channel #1 SubChannel #4] Subchannel picks a new address ":3003" to connect	{"system": "grpc", "grpc_log": true}
2023-06-14 10:08:23	INFO	grpclog/component.go:36	[core][Channel #1] Channel Connectivity change to CONNECTING	{"system": "grpc", "grpc_log": true}
2023-06-14 10:08:23	INFO	grpclog/component.go:36	[core][Channel #1 SubChannel #4] Subchannel Connectivity change to READY	{"system": "grpc", "grpc_log": true}
2023-06-14 10:08:23	INFO	grpclog/component.go:36	[core][Channel #1] Channel Connectivity change to READY	{"system": "grpc", "grpc_log": true}
2023-06-14 10:09:19	INFO	grpclog/component.go:36	[core][Channel #1 SubChannel #4] Subchannel Connectivity change to IDLE	{"system": "grpc", "grpc_log": true}
2023-06-14 10:09:19	INFO	grpclog/component.go:36	[core][Channel #1] Channel Connectivity change to IDLE	{"system": "grpc", "grpc_log": true}
2023-06-14 10:09:24	INFO	zap/options.go:212	finished unary call with code OK	{"grpc.start_time": "2023-06-14T10:09:24+08:00", "system": "grpc", "span.kind": "server", "grpc.service": "kob.matching.matching_system", "grpc.method": "AddUser", "peer.address": "127.0.0.1:59806", "grpc.code": "OK", "grpc.time_ms": 1.059}
2023-06-14 10:09:25	INFO	zap/options.go:212	finished unary call with code OK	{"grpc.start_time": "2023-06-14T10:09:25+08:00", "system": "grpc", "span.kind": "server", "grpc.service": "kob.matching.matching_system", "grpc.method": "AddUser", "peer.address": "127.0.0.1:59806", "grpc.code": "OK", "grpc.time_ms": 1.328}
2023-06-14 10:09:25	INFO	matchutil/pool.go:59	matching success playerA:{19 -1 1500 0}, playerB:{18 -1 1500 0}
2023-06-14 10:09:25	INFO	grpclog/component.go:36	[core][Channel #1 SubChannel #4] Subchannel Connectivity change to CONNECTING	{"system": "grpc", "grpc_log": true}
2023-06-14 10:09:25	INFO	grpclog/component.go:36	[core][Channel #1 SubChannel #4] Subchannel picks a new address ":3003" to connect	{"system": "grpc", "grpc_log": true}
2023-06-14 10:09:25	INFO	grpclog/component.go:36	[core][Channel #1] Channel Connectivity change to CONNECTING	{"system": "grpc", "grpc_log": true}
2023-06-14 10:09:25	INFO	grpclog/component.go:36	[core][Channel #1 SubChannel #4] Subchannel Connectivity change to READY	{"system": "grpc", "grpc_log": true}
2023-06-14 10:09:25	INFO	grpclog/component.go:36	[core][Channel #1] Channel Connectivity change to READY	{"system": "grpc", "grpc_log": true}
2023-06-14 10:12:23	INFO	zap/options.go:212	finished unary call with code OK	{"grpc.start_time": "2023-06-14T10:12:23+08:00", "system": "grpc", "span.kind": "server", "grpc.service": "kob.matching.matching_system", "grpc.method": "AddUser", "peer.address": "127.0.0.1:59806", "grpc.code": "OK", "grpc.time_ms": 1.034}
2023-06-14 10:12:23	INFO	zap/options.go:212	finished unary call with code OK	{"grpc.start_time": "2023-06-14T10:12:23+08:00", "system": "grpc", "span.kind": "server", "grpc.service": "kob.matching.matching_system", "grpc.method": "AddUser", "peer.address": "127.0.0.1:59806", "grpc.code": "OK", "grpc.time_ms": 1.136}
2023-06-14 10:12:25	INFO	matchutil/pool.go:59	matching success playerA:{19 -1 1500 0}, playerB:{18 -1 1500 0}
2023-06-14 10:12:44	INFO	grpclog/component.go:36	[core][Channel #1 SubChannel #4] Subchannel Connectivity change to IDLE	{"system": "grpc", "grpc_log": true}
2023-06-14 10:12:44	INFO	grpclog/component.go:36	[core][Channel #1] Channel Connectivity change to IDLE	{"system": "grpc", "grpc_log": true}
2023-06-14 10:13:11	INFO	zap/options.go:212	finished unary call with code OK	{"grpc.start_time": "2023-06-14T10:13:11+08:00", "system": "grpc", "span.kind": "server", "grpc.service": "kob.matching.matching_system", "grpc.method": "AddUser", "peer.address": "127.0.0.1:59842", "grpc.code": "OK", "grpc.time_ms": 1.138}
2023-06-14 10:13:12	INFO	zap/options.go:212	finished unary call with code OK	{"grpc.start_time": "2023-06-14T10:13:12+08:00", "system": "grpc", "span.kind": "server", "grpc.service": "kob.matching.matching_system", "grpc.method": "AddUser", "peer.address": "127.0.0.1:59842", "grpc.code": "OK", "grpc.time_ms": 1.044}
2023-06-14 10:13:13	INFO	matchutil/pool.go:59	matching success playerA:{19 -1 1500 0}, playerB:{18 -1 1500 0}
2023-06-14 10:13:13	INFO	grpclog/component.go:36	[core][Channel #1 SubChannel #4] Subchannel Connectivity change to CONNECTING	{"system": "grpc", "grpc_log": true}
2023-06-14 10:13:13	INFO	grpclog/component.go:36	[core][Channel #1 SubChannel #4] Subchannel picks a new address ":3003" to connect	{"system": "grpc", "grpc_log": true}
2023-06-14 10:13:13	INFO	grpclog/component.go:36	[core][Channel #1] Channel Connectivity change to CONNECTING	{"system": "grpc", "grpc_log": true}
2023-06-14 10:13:13	INFO	grpclog/component.go:36	[core][Channel #1 SubChannel #4] Subchannel Connectivity change to READY	{"system": "grpc", "grpc_log": true}
2023-06-14 10:13:13	INFO	grpclog/component.go:36	[core][Channel #1] Channel Connectivity change to READY	{"system": "grpc", "grpc_log": true}
2023-06-14 10:14:43	INFO	zap/options.go:212	finished unary call with code OK	{"grpc.start_time": "2023-06-14T10:14:43+08:00", "system": "grpc", "span.kind": "server", "grpc.service": "kob.matching.matching_system", "grpc.method": "AddUser", "peer.address": "127.0.0.1:59842", "grpc.code": "OK", "grpc.time_ms": 1.081}
2023-06-14 10:14:43	INFO	zap/options.go:212	finished unary call with code OK	{"grpc.start_time": "2023-06-14T10:14:43+08:00", "system": "grpc", "span.kind": "server", "grpc.service": "kob.matching.matching_system", "grpc.method": "AddUser", "peer.address": "127.0.0.1:59842", "grpc.code": "OK", "grpc.time_ms": 0.971}
2023-06-14 10:14:45	INFO	matchutil/pool.go:59	matching success playerA:{19 -1 1500 0}, playerB:{18 -1 1500 0}
2023-06-14 10:15:04	INFO	zap/options.go:212	finished unary call with code OK	{"grpc.start_time": "2023-06-14T10:15:04+08:00", "system": "grpc", "span.kind": "server", "grpc.service": "kob.matching.matching_system", "grpc.method": "AddUser", "peer.address": "127.0.0.1:59842", "grpc.code": "OK", "grpc.time_ms": 1.091}
2023-06-14 10:15:05	INFO	zap/options.go:212	finished unary call with code OK	{"grpc.start_time": "2023-06-14T10:15:05+08:00", "system": "grpc", "span.kind": "server", "grpc.service": "kob.matching.matching_system", "grpc.method": "AddUser", "peer.address": "127.0.0.1:59842", "grpc.code": "OK", "grpc.time_ms": 1.097}
2023-06-14 10:15:07	INFO	matchutil/pool.go:59	matching success playerA:{19 -1 1500 0}, playerB:{18 -1 1500 0}
2023-06-14 10:20:38	INFO	grpclog/component.go:36	[core][Channel #1 SubChannel #4] Subchannel Connectivity change to IDLE	{"system": "grpc", "grpc_log": true}
2023-06-14 10:20:38	INFO	grpclog/component.go:36	[core][Channel #1] Channel Connectivity change to IDLE	{"system": "grpc", "grpc_log": true}
2023-06-14 10:20:52	INFO	zap/options.go:212	finished unary call with code OK	{"grpc.start_time": "2023-06-14T10:20:52+08:00", "system": "grpc", "span.kind": "server", "grpc.service": "kob.matching.matching_system", "grpc.method": "AddUser", "peer.address": "127.0.0.1:59888", "grpc.code": "OK", "grpc.time_ms": 1.36}
2023-06-14 10:20:52	INFO	zap/options.go:212	finished unary call with code OK	{"grpc.start_time": "2023-06-14T10:20:52+08:00", "system": "grpc", "span.kind": "server", "grpc.service": "kob.matching.matching_system", "grpc.method": "AddUser", "peer.address": "127.0.0.1:59888", "grpc.code": "OK", "grpc.time_ms": 1.045}
2023-06-14 10:20:53	INFO	matchutil/pool.go:59	matching success playerA:{19 -1 1500 0}, playerB:{18 -1 1500 0}
2023-06-14 10:20:53	INFO	grpclog/component.go:36	[core][Channel #1 SubChannel #4] Subchannel Connectivity change to CONNECTING	{"system": "grpc", "grpc_log": true}
2023-06-14 10:20:53	INFO	grpclog/component.go:36	[core][Channel #1 SubChannel #4] Subchannel picks a new address ":3003" to connect	{"system": "grpc", "grpc_log": true}
2023-06-14 10:20:53	INFO	grpclog/component.go:36	[core][Channel #1] Channel Connectivity change to CONNECTING	{"system": "grpc", "grpc_log": true}
2023-06-14 10:20:53	INFO	grpclog/component.go:36	[core][Channel #1 SubChannel #4] Subchannel Connectivity change to READY	{"system": "grpc", "grpc_log": true}
2023-06-14 10:20:53	INFO	grpclog/component.go:36	[core][Channel #1] Channel Connectivity change to READY	{"system": "grpc", "grpc_log": true}
2023-06-14 10:23:28	INFO	grpclog/component.go:36	[core][Channel #1 SubChannel #4] Subchannel Connectivity change to IDLE	{"system": "grpc", "grpc_log": true}
2023-06-14 10:23:28	INFO	grpclog/component.go:36	[core][Channel #1] Channel Connectivity change to IDLE	{"system": "grpc", "grpc_log": true}
2023-06-14 10:23:34	INFO	zap/options.go:212	finished unary call with code OK	{"grpc.start_time": "2023-06-14T10:23:34+08:00", "system": "grpc", "span.kind": "server", "grpc.service": "kob.matching.matching_system", "grpc.method": "AddUser", "peer.address": "127.0.0.1:59916", "grpc.code": "OK", "grpc.time_ms": 1.469}
2023-06-14 10:23:35	INFO	zap/options.go:212	finished unary call with code OK	{"grpc.start_time": "2023-06-14T10:23:35+08:00", "system": "grpc", "span.kind": "server", "grpc.service": "kob.matching.matching_system", "grpc.method": "AddUser", "peer.address": "127.0.0.1:59916", "grpc.code": "OK", "grpc.time_ms": 1.305}
2023-06-14 10:23:35	INFO	matchutil/pool.go:59	matching success playerA:{19 -1 1500 0}, playerB:{18 -1 1500 0}
2023-06-14 10:23:35	INFO	grpclog/component.go:36	[core][Channel #1 SubChannel #4] Subchannel Connectivity change to CONNECTING	{"system": "grpc", "grpc_log": true}
2023-06-14 10:23:35	INFO	grpclog/component.go:36	[core][Channel #1 SubChannel #4] Subchannel picks a new address ":3003" to connect	{"system": "grpc", "grpc_log": true}
2023-06-14 10:23:35	INFO	grpclog/component.go:36	[core][Channel #1] Channel Connectivity change to CONNECTING	{"system": "grpc", "grpc_log": true}
2023-06-14 10:23:35	INFO	grpclog/component.go:36	[core][Channel #1 SubChannel #4] Subchannel Connectivity change to READY	{"system": "grpc", "grpc_log": true}
2023-06-14 10:23:35	INFO	grpclog/component.go:36	[core][Channel #1] Channel Connectivity change to READY	{"system": "grpc", "grpc_log": true}
2023-06-14 10:24:28	INFO	grpclog/component.go:36	[core][Channel #1 SubChannel #4] Subchannel Connectivity change to IDLE	{"system": "grpc", "grpc_log": true}
2023-06-14 10:24:28	INFO	grpclog/component.go:36	[core][Channel #1] Channel Connectivity change to IDLE	{"system": "grpc", "grpc_log": true}
2023-06-14 10:24:56	INFO	zap/options.go:212	finished unary call with code OK	{"grpc.start_time": "2023-06-14T10:24:56+08:00", "system": "grpc", "span.kind": "server", "grpc.service": "kob.matching.matching_system", "grpc.method": "AddUser", "peer.address": "127.0.0.1:59938", "grpc.code": "OK", "grpc.time_ms": 1.191}
2023-06-14 10:24:57	INFO	zap/options.go:212	finished unary call with code OK	{"grpc.start_time": "2023-06-14T10:24:57+08:00", "system": "grpc", "span.kind": "server", "grpc.service": "kob.matching.matching_system", "grpc.method": "AddUser", "peer.address": "127.0.0.1:59938", "grpc.code": "OK", "grpc.time_ms": 1.816}
2023-06-14 10:24:57	INFO	matchutil/pool.go:59	matching success playerA:{19 -1 1500 0}, playerB:{18 -1 1500 0}
2023-06-14 10:24:57	INFO	grpclog/component.go:36	[core][Channel #1 SubChannel #4] Subchannel Connectivity change to CONNECTING	{"system": "grpc", "grpc_log": true}
2023-06-14 10:24:57	INFO	grpclog/component.go:36	[core][Channel #1 SubChannel #4] Subchannel picks a new address ":3003" to connect	{"system": "grpc", "grpc_log": true}
2023-06-14 10:24:57	INFO	grpclog/component.go:36	[core][Channel #1] Channel Connectivity change to CONNECTING	{"system": "grpc", "grpc_log": true}
2023-06-14 10:24:57	INFO	grpclog/component.go:36	[core][Channel #1 SubChannel #4] Subchannel Connectivity change to READY	{"system": "grpc", "grpc_log": true}
2023-06-14 10:24:57	INFO	grpclog/component.go:36	[core][Channel #1] Channel Connectivity change to READY	{"system": "grpc", "grpc_log": true}
2023-06-14 10:25:54	INFO	zap/options.go:212	finished unary call with code OK	{"grpc.start_time": "2023-06-14T10:25:54+08:00", "system": "grpc", "span.kind": "server", "grpc.service": "kob.matching.matching_system", "grpc.method": "AddUser", "peer.address": "127.0.0.1:59938", "grpc.code": "OK", "grpc.time_ms": 1.074}
2023-06-14 10:25:55	INFO	zap/options.go:212	finished unary call with code OK	{"grpc.start_time": "2023-06-14T10:25:55+08:00", "system": "grpc", "span.kind": "server", "grpc.service": "kob.matching.matching_system", "grpc.method": "AddUser", "peer.address": "127.0.0.1:59938", "grpc.code": "OK", "grpc.time_ms": 2.14}
2023-06-14 10:25:55	INFO	matchutil/pool.go:59	matching success playerA:{19 -1 1500 0}, playerB:{18 -1 1500 0}
2023-06-14 10:27:13	INFO	zap/options.go:212	finished unary call with code OK	{"grpc.start_time": "2023-06-14T10:27:13+08:00", "system": "grpc", "span.kind": "server", "grpc.service": "kob.matching.matching_system", "grpc.method": "AddUser", "peer.address": "127.0.0.1:59938", "grpc.code": "OK", "grpc.time_ms": 1.286}
2023-06-14 10:27:14	INFO	zap/options.go:212	finished unary call with code OK	{"grpc.start_time": "2023-06-14T10:27:14+08:00", "system": "grpc", "span.kind": "server", "grpc.service": "kob.matching.matching_system", "grpc.method": "AddUser", "peer.address": "127.0.0.1:59938", "grpc.code": "OK", "grpc.time_ms": 1.498}
2023-06-14 10:27:15	INFO	matchutil/pool.go:59	matching success playerA:{19 -1 1500 0}, playerB:{18 -1 1500 0}
2023-06-14 10:28:18	INFO	zap/options.go:212	finished unary call with code OK	{"grpc.start_time": "2023-06-14T10:28:18+08:00", "system": "grpc", "span.kind": "server", "grpc.service": "kob.matching.matching_system", "grpc.method": "AddUser", "peer.address": "127.0.0.1:59938", "grpc.code": "OK", "grpc.time_ms": 0.991}
2023-06-14 10:28:18	INFO	zap/options.go:212	finished unary call with code OK	{"grpc.start_time": "2023-06-14T10:28:18+08:00", "system": "grpc", "span.kind": "server", "grpc.service": "kob.matching.matching_system", "grpc.method": "AddUser", "peer.address": "127.0.0.1:59938", "grpc.code": "OK", "grpc.time_ms": 1.167}
2023-06-14 10:28:19	INFO	matchutil/pool.go:59	matching success playerA:{19 -1 1500 0}, playerB:{18 -1 1500 0}
2023-06-14 10:29:23	INFO	zap/options.go:212	finished unary call with code OK	{"grpc.start_time": "2023-06-14T10:29:23+08:00", "system": "grpc", "span.kind": "server", "grpc.service": "kob.matching.matching_system", "grpc.method": "AddUser", "peer.address": "127.0.0.1:59938", "grpc.code": "OK", "grpc.time_ms": 1.093}
2023-06-14 10:29:23	INFO	zap/options.go:212	finished unary call with code OK	{"grpc.start_time": "2023-06-14T10:29:23+08:00", "system": "grpc", "span.kind": "server", "grpc.service": "kob.matching.matching_system", "grpc.method": "AddUser", "peer.address": "127.0.0.1:59938", "grpc.code": "OK", "grpc.time_ms": 1.04}
2023-06-14 10:29:23	INFO	matchutil/pool.go:59	matching success playerA:{19 -1 1500 0}, playerB:{18 -1 1500 0}
2023-06-14 10:29:40	INFO	zap/options.go:212	finished unary call with code OK	{"grpc.start_time": "2023-06-14T10:29:40+08:00", "system": "grpc", "span.kind": "server", "grpc.service": "kob.matching.matching_system", "grpc.method": "AddUser", "peer.address": "127.0.0.1:59938", "grpc.code": "OK", "grpc.time_ms": 1.387}
2023-06-14 10:29:41	INFO	zap/options.go:212	finished unary call with code OK	{"grpc.start_time": "2023-06-14T10:29:40+08:00", "system": "grpc", "span.kind": "server", "grpc.service": "kob.matching.matching_system", "grpc.method": "AddUser", "peer.address": "127.0.0.1:59938", "grpc.code": "OK", "grpc.time_ms": 1.612}
2023-06-14 10:29:41	INFO	matchutil/pool.go:59	matching success playerA:{19 -1 1500 0}, playerB:{18 -1 1500 0}
2023-06-14 10:35:25	INFO	zap/options.go:212	finished unary call with code OK	{"grpc.start_time": "2023-06-14T10:35:25+08:00", "system": "grpc", "span.kind": "server", "grpc.service": "kob.matching.matching_system", "grpc.method": "AddUser", "peer.address": "127.0.0.1:59938", "grpc.code": "OK", "grpc.time_ms": 1.172}
2023-06-14 10:35:26	INFO	zap/options.go:212	finished unary call with code OK	{"grpc.start_time": "2023-06-14T10:35:26+08:00", "system": "grpc", "span.kind": "server", "grpc.service": "kob.matching.matching_system", "grpc.method": "AddUser", "peer.address": "127.0.0.1:59938", "grpc.code": "OK", "grpc.time_ms": 1.062}
2023-06-14 10:35:28	INFO	matchutil/pool.go:59	matching success playerA:{19 -1 1500 0}, playerB:{18 -1 1500 0}
2023-06-14 10:36:03	INFO	zap/options.go:212	finished unary call with code OK	{"grpc.start_time": "2023-06-14T10:36:03+08:00", "system": "grpc", "span.kind": "server", "grpc.service": "kob.matching.matching_system", "grpc.method": "AddUser", "peer.address": "127.0.0.1:59938", "grpc.code": "OK", "grpc.time_ms": 1.545}
2023-06-14 10:36:03	INFO	zap/options.go:212	finished unary call with code OK	{"grpc.start_time": "2023-06-14T10:36:03+08:00", "system": "grpc", "span.kind": "server", "grpc.service": "kob.matching.matching_system", "grpc.method": "AddUser", "peer.address": "127.0.0.1:59938", "grpc.code": "OK", "grpc.time_ms": 1.056}
2023-06-14 10:36:04	INFO	matchutil/pool.go:59	matching success playerA:{19 -1 1500 0}, playerB:{18 -1 1500 0}
2023-06-14 10:36:21	INFO	zap/options.go:212	finished unary call with code OK	{"grpc.start_time": "2023-06-14T10:36:21+08:00", "system": "grpc", "span.kind": "server", "grpc.service": "kob.matching.matching_system", "grpc.method": "AddUser", "peer.address": "127.0.0.1:59938", "grpc.code": "OK", "grpc.time_ms": 1.049}
2023-06-14 10:36:22	INFO	zap/options.go:212	finished unary call with code OK	{"grpc.start_time": "2023-06-14T10:36:22+08:00", "system": "grpc", "span.kind": "server", "grpc.service": "kob.matching.matching_system", "grpc.method": "AddUser", "peer.address": "127.0.0.1:59938", "grpc.code": "OK", "grpc.time_ms": 1.778}
2023-06-14 10:36:22	INFO	matchutil/pool.go:59	matching success playerA:{19 -1 1500 0}, playerB:{18 -1 1500 0}
2023-06-14 10:37:08	INFO	zap/options.go:212	finished unary call with code OK	{"grpc.start_time": "2023-06-14T10:37:08+08:00", "system": "grpc", "span.kind": "server", "grpc.service": "kob.matching.matching_system", "grpc.method": "AddUser", "peer.address": "127.0.0.1:59938", "grpc.code": "OK", "grpc.time_ms": 1.132}
2023-06-14 10:37:09	INFO	zap/options.go:212	finished unary call with code OK	{"grpc.start_time": "2023-06-14T10:37:09+08:00", "system": "grpc", "span.kind": "server", "grpc.service": "kob.matching.matching_system", "grpc.method": "AddUser", "peer.address": "127.0.0.1:59938", "grpc.code": "OK", "grpc.time_ms": 1.361}
2023-06-14 10:37:10	INFO	matchutil/pool.go:59	matching success playerA:{19 -1 1500 0}, playerB:{18 -1 1500 0}
2023-06-14 10:48:14	INFO	zap/options.go:212	finished unary call with code OK	{"grpc.start_time": "2023-06-14T10:48:14+08:00", "system": "grpc", "span.kind": "server", "grpc.service": "kob.matching.matching_system", "grpc.method": "AddUser", "peer.address": "127.0.0.1:59938", "grpc.code": "OK", "grpc.time_ms": 1.691}
2023-06-14 10:48:15	INFO	zap/options.go:212	finished unary call with code OK	{"grpc.start_time": "2023-06-14T10:48:15+08:00", "system": "grpc", "span.kind": "server", "grpc.service": "kob.matching.matching_system", "grpc.method": "AddUser", "peer.address": "127.0.0.1:59938", "grpc.code": "OK", "grpc.time_ms": 1.066}
2023-06-14 10:48:16	INFO	matchutil/pool.go:59	matching success playerA:{19 -1 1500 0}, playerB:{18 -1 1500 0}
2023-06-14 10:48:59	INFO	zap/options.go:212	finished unary call with code OK	{"grpc.start_time": "2023-06-14T10:48:59+08:00", "system": "grpc", "span.kind": "server", "grpc.service": "kob.matching.matching_system", "grpc.method": "AddUser", "peer.address": "127.0.0.1:59938", "grpc.code": "OK", "grpc.time_ms": 1.178}
2023-06-14 10:48:59	INFO	zap/options.go:212	finished unary call with code OK	{"grpc.start_time": "2023-06-14T10:48:59+08:00", "system": "grpc", "span.kind": "server", "grpc.service": "kob.matching.matching_system", "grpc.method": "AddUser", "peer.address": "127.0.0.1:59938", "grpc.code": "OK", "grpc.time_ms": 1.142}
2023-06-14 10:49:00	INFO	matchutil/pool.go:59	matching success playerA:{19 -1 1500 0}, playerB:{18 -1 1500 0}
2023-06-14 10:51:15	INFO	zap/options.go:212	finished unary call with code OK	{"grpc.start_time": "2023-06-14T10:51:15+08:00", "system": "grpc", "span.kind": "server", "grpc.service": "kob.matching.matching_system", "grpc.method": "AddUser", "peer.address": "127.0.0.1:59938", "grpc.code": "OK", "grpc.time_ms": 1.185}
2023-06-14 10:51:15	INFO	zap/options.go:212	finished unary call with code OK	{"grpc.start_time": "2023-06-14T10:51:15+08:00", "system": "grpc", "span.kind": "server", "grpc.service": "kob.matching.matching_system", "grpc.method": "AddUser", "peer.address": "127.0.0.1:59938", "grpc.code": "OK", "grpc.time_ms": 1.053}
2023-06-14 10:51:16	INFO	matchutil/pool.go:59	matching success playerA:{19 -1 1500 0}, playerB:{18 -1 1500 0}
2023-06-14 10:57:05	INFO	grpclog/component.go:36	[core][Server #1] Server created	{"system": "grpc", "grpc_log": true}
2023-06-14 10:57:05	INFO	grpclog/component.go:36	[core][Server #1 ListenSocket #2] ListenSocket created	{"system": "grpc", "grpc_log": true}
2023-06-14 10:57:05	INFO	grpclog/component.go:36	[core][Channel #3] Channel created	{"system": "grpc", "grpc_log": true}
2023-06-14 10:57:05	INFO	grpclog/component.go:36	[core][Channel #3] original dial target is: ":3003"	{"system": "grpc", "grpc_log": true}
2023-06-14 10:57:05	INFO	grpclog/component.go:36	[core][Channel #3] dial target ":3003" parse failed: parse ":3003": missing protocol scheme	{"system": "grpc", "grpc_log": true}
2023-06-14 10:57:05	INFO	grpclog/component.go:36	[core][Channel #3] fallback to scheme "passthrough"	{"system": "grpc", "grpc_log": true}
2023-06-14 10:57:05	INFO	grpclog/component.go:36	[core][Channel #3] parsed dial target is: {Scheme:passthrough Authority: URL:{Scheme:passthrough Opaque: User: Host: Path:/:3003 RawPath: OmitHost:false ForceQuery:false RawQuery: Fragment: RawFragment:}}	{"system": "grpc", "grpc_log": true}
2023-06-14 10:57:05	INFO	grpclog/component.go:36	[core][Channel #3] Channel authority set to "localhost:3003"	{"system": "grpc", "grpc_log": true}
2023-06-14 10:57:05	INFO	grpclog/component.go:36	[core][Channel #3] Resolver state updated: {
  "Addresses": [
    {
      "Addr": ":3003",
      "ServerName": "",
      "Attributes": null,
      "BalancerAttributes": null,
      "Type": 0,
      "Metadata": null
    }
  ],
  "ServiceConfig": null,
  "Attributes": null
} (resolver returned new addresses)	{"system": "grpc", "grpc_log": true}
2023-06-14 10:57:05	INFO	grpclog/component.go:36	[core][Channel #3] Channel switches to new LB policy "pick_first"	{"system": "grpc", "grpc_log": true}
2023-06-14 10:57:05	INFO	grpclog/component.go:36	[core][Channel #3 SubChannel #4] Subchannel created	{"system": "grpc", "grpc_log": true}
2023-06-14 10:57:05	INFO	grpclog/component.go:36	[core][Channel #3] Channel Connectivity change to CONNECTING	{"system": "grpc", "grpc_log": true}
2023-06-14 10:57:05	INFO	grpclog/component.go:36	[core][Channel #3 SubChannel #4] Subchannel Connectivity change to CONNECTING	{"system": "grpc", "grpc_log": true}
2023-06-14 10:57:05	INFO	grpclog/component.go:36	[core][Channel #3 SubChannel #4] Subchannel picks a new address ":3003" to connect	{"system": "grpc", "grpc_log": true}
2023-06-14 10:57:05	INFO	grpclog/component.go:36	[core][Channel #3 SubChannel #4] Subchannel Connectivity change to READY	{"system": "grpc", "grpc_log": true}
2023-06-14 10:57:05	INFO	grpclog/component.go:36	[core][Channel #3] Channel Connectivity change to READY	{"system": "grpc", "grpc_log": true}
2023-06-14 10:57:25	INFO	zap/options.go:212	finished unary call with code OK	{"grpc.start_time": "2023-06-14T10:57:25+08:00", "system": "grpc", "span.kind": "server", "grpc.service": "kob.matching.matching_system", "grpc.method": "AddUser", "peer.address": "127.0.0.1:60126", "grpc.code": "OK", "grpc.time_ms": 16.339}
2023-06-14 10:57:27	INFO	zap/options.go:212	finished unary call with code OK	{"grpc.start_time": "2023-06-14T10:57:27+08:00", "system": "grpc", "span.kind": "server", "grpc.service": "kob.matching.matching_system", "grpc.method": "AddUser", "peer.address": "127.0.0.1:60126", "grpc.code": "OK", "grpc.time_ms": 10.57}
2023-06-14 10:57:29	INFO	matchutil/pool.go:59	matching success playerA:{19 -1 1500 0}, playerB:{18 -1 1500 0}
2023-06-14 10:59:42	INFO	grpclog/component.go:36	[core][Channel #3 SubChannel #4] Subchannel Connectivity change to IDLE	{"system": "grpc", "grpc_log": true}
2023-06-14 10:59:42	INFO	grpclog/component.go:36	[core][Channel #3] Channel Connectivity change to IDLE	{"system": "grpc", "grpc_log": true}
2023-06-14 10:59:49	INFO	zap/options.go:212	finished unary call with code OK	{"grpc.start_time": "2023-06-14T10:59:49+08:00", "system": "grpc", "span.kind": "server", "grpc.service": "kob.matching.matching_system", "grpc.method": "AddUser", "peer.address": "127.0.0.1:60132", "grpc.code": "OK", "grpc.time_ms": 1.313}
2023-06-14 10:59:50	INFO	zap/options.go:212	finished unary call with code OK	{"grpc.start_time": "2023-06-14T10:59:50+08:00", "system": "grpc", "span.kind": "server", "grpc.service": "kob.matching.matching_system", "grpc.method": "AddUser", "peer.address": "127.0.0.1:60132", "grpc.code": "OK", "grpc.time_ms": 1.854}
2023-06-14 10:59:51	INFO	matchutil/pool.go:59	matching success playerA:{19 -1 1500 0}, playerB:{18 -1 1500 0}
2023-06-14 10:59:51	INFO	grpclog/component.go:36	[core][Channel #3 SubChannel #4] Subchannel Connectivity change to CONNECTING	{"system": "grpc", "grpc_log": true}
2023-06-14 10:59:51	INFO	grpclog/component.go:36	[core][Channel #3 SubChannel #4] Subchannel picks a new address ":3003" to connect	{"system": "grpc", "grpc_log": true}
2023-06-14 10:59:51	INFO	grpclog/component.go:36	[core][Channel #3] Channel Connectivity change to CONNECTING	{"system": "grpc", "grpc_log": true}
2023-06-14 10:59:51	INFO	grpclog/component.go:36	[core][Channel #3 SubChannel #4] Subchannel Connectivity change to READY	{"system": "grpc", "grpc_log": true}
2023-06-14 10:59:51	INFO	grpclog/component.go:36	[core][Channel #3] Channel Connectivity change to READY	{"system": "grpc", "grpc_log": true}
2023-06-14 11:00:15	INFO	zap/options.go:212	finished unary call with code OK	{"grpc.start_time": "2023-06-14T11:00:15+08:00", "system": "grpc", "span.kind": "server", "grpc.service": "kob.matching.matching_system", "grpc.method": "AddUser", "peer.address": "127.0.0.1:60132", "grpc.code": "OK", "grpc.time_ms": 1.167}
2023-06-14 11:00:16	INFO	zap/options.go:212	finished unary call with code OK	{"grpc.start_time": "2023-06-14T11:00:16+08:00", "system": "grpc", "span.kind": "server", "grpc.service": "kob.matching.matching_system", "grpc.method": "AddUser", "peer.address": "127.0.0.1:60132", "grpc.code": "OK", "grpc.time_ms": 1.256}
2023-06-14 11:00:17	INFO	matchutil/pool.go:59	matching success playerA:{19 -1 1500 0}, playerB:{18 -1 1500 0}
2023-06-14 11:00:28	INFO	zap/options.go:212	finished unary call with code OK	{"grpc.start_time": "2023-06-14T11:00:28+08:00", "system": "grpc", "span.kind": "server", "grpc.service": "kob.matching.matching_system", "grpc.method": "AddUser", "peer.address": "127.0.0.1:60132", "grpc.code": "OK", "grpc.time_ms": 1.045}
2023-06-14 11:00:29	INFO	zap/options.go:212	finished unary call with code OK	{"grpc.start_time": "2023-06-14T11:00:29+08:00", "system": "grpc", "span.kind": "server", "grpc.service": "kob.matching.matching_system", "grpc.method": "AddUser", "peer.address": "127.0.0.1:60132", "grpc.code": "OK", "grpc.time_ms": 1.194}
2023-06-14 11:00:31	INFO	matchutil/pool.go:59	matching success playerA:{19 -1 1500 0}, playerB:{18 -1 1500 0}
2023-06-14 11:02:29	INFO	grpclog/component.go:36	[core][Channel #3 SubChannel #4] Subchannel Connectivity change to IDLE	{"system": "grpc", "grpc_log": true}
2023-06-14 11:02:29	INFO	grpclog/component.go:36	[core][Channel #3] Channel Connectivity change to IDLE	{"system": "grpc", "grpc_log": true}
