2023-06-13 19:23:18	WARN	grpclog/component.go:41	[core][Channel #1 SubChannel #4] grpc: addrConn.createTransport failed to connect to {
  "Addr": ":3003",
  "ServerName": "localhost:3003",
  "Attributes": null,
  "BalancerAttributes": null,
  "Type": 0,
  "Metadata": null
}. Err: connection error: desc = "transport: Error while dialing: dial tcp :3003: connect: connection refused"	{"system": "grpc", "grpc_log": true}
2023-06-14 09:22:44	WARN	grpclog/component.go:41	[core][Channel #1 SubChannel #2] grpc: addrConn.createTransport failed to connect to {
  "Addr": ":3003",
  "ServerName": "localhost:3003",
  "Attributes": null,
  "BalancerAttributes": null,
  "Type": 0,
  "Metadata": null
}. Err: connection error: desc = "transport: Error while dialing: dial tcp :3003: connect: connection refused"	{"system": "grpc", "grpc_log": true}
2023-06-14 10:02:56	ERROR	grpclog/component.go:46	[core][Server #3] grpc: server failed to encode response: rpc error: code = Internal desc = grpc: error while marshaling: proto: Marshal called with nil	{"system": "grpc", "grpc_log": true}
2023-06-14 10:06:46	ERROR	grpclog/component.go:46	[core][Server #3] grpc: server failed to encode response: rpc error: code = Internal desc = grpc: error while marshaling: proto: Marshal called with nil	{"system": "grpc", "grpc_log": true}
2023-06-14 10:08:24	ERROR	grpclog/component.go:46	[core][Server #3] grpc: server failed to encode response: rpc error: code = Internal desc = grpc: error while marshaling: proto: Marshal called with nil	{"system": "grpc", "grpc_log": true}
2023-06-14 10:09:26	ERROR	grpclog/component.go:46	[core][Server #3] grpc: server failed to encode response: rpc error: code = Internal desc = grpc: error while marshaling: proto: Marshal called with nil	{"system": "grpc", "grpc_log": true}
2023-06-14 10:59:53	WARN	grpclog/component.go:41	[core][Server #3] grpc: Server.processUnaryRPC failed to write status: connection error: desc = "transport is closing"	{"system": "grpc", "grpc_log": true}
2023-06-14 10:59:55	WARN	grpclog/component.go:41	[core][Server #3] grpc: Server.processUnaryRPC failed to write status: connection error: desc = "transport is closing"	{"system": "grpc", "grpc_log": true}
