2023-06-13 19:22:27	INFO	grpclog/component.go:36	[core][Server #1] Server created	{"system": "grpc", "grpc_log": true}
2023-06-13 19:22:27	INFO	grpclog/component.go:36	[core][Server #1 ListenSocket #2] ListenSocket created	{"system": "grpc", "grpc_log": true}
2023-06-13 19:23:06	INFO	grpclog/component.go:36	[core][Server #1] Server created	{"system": "grpc", "grpc_log": true}
2023-06-13 19:23:06	INFO	grpclog/component.go:36	[core][Server #1 ListenSocket #2] ListenSocket created	{"system": "grpc", "grpc_log": true}
2023-06-13 19:23:18	INFO	grpclog/component.go:36	[core][Server #2] Server created	{"system": "grpc", "grpc_log": true}
2023-06-13 19:23:18	INFO	grpclog/component.go:36	[core][Channel #1] original dial target is: ":3003"	{"system": "grpc", "grpc_log": true}
2023-06-13 19:23:18	INFO	grpclog/component.go:36	[core][Channel #1] dial target ":3003" parse failed: parse ":3003": missing protocol scheme	{"system": "grpc", "grpc_log": true}
2023-06-13 19:23:18	INFO	grpclog/component.go:36	[core][Channel #1] fallback to scheme "passthrough"	{"system": "grpc", "grpc_log": true}
2023-06-13 19:23:18	INFO	grpclog/component.go:36	[core][Channel #1] parsed dial target is: {Scheme:passthrough Authority: URL:{Scheme:passthrough Opaque: User: Host: Path:/:3003 RawPath: OmitHost:false ForceQuery:false RawQuery: Fragment: RawFragment:}}	{"system": "grpc", "grpc_log": true}
2023-06-13 19:23:18	INFO	grpclog/component.go:36	[core][Channel #1] Channel authority set to "localhost:3003"	{"system": "grpc", "grpc_log": true}
2023-06-13 19:23:18	INFO	grpclog/component.go:36	[core][Server #2 ListenSocket #3] ListenSocket created	{"system": "grpc", "grpc_log": true}
2023-06-13 19:23:18	INFO	grpclog/component.go:36	[core][Channel #1] Resolver state updated: {
  "Addresses": [
    {
      "Addr": ":3003",
      "ServerName": "",
      "Attributes": null,
      "BalancerAttributes": null,
      "Type": 0,
      "Metadata": null
    }
  ],
  "ServiceConfig": null,
  "Attributes": null
} (resolver returned new addresses)	{"system": "grpc", "grpc_log": true}
2023-06-13 19:23:18	INFO	grpclog/component.go:36	[core][Channel #1] Channel switches to new LB policy "pick_first"	{"system": "grpc", "grpc_log": true}
2023-06-13 19:23:18	INFO	grpclog/component.go:36	[core][Channel #1 SubChannel #4] Subchannel created	{"system": "grpc", "grpc_log": true}
2023-06-13 19:23:18	INFO	grpclog/component.go:36	[core][Channel #1] Channel Connectivity change to CONNECTING	{"system": "grpc", "grpc_log": true}
2023-06-13 19:23:18	INFO	grpclog/component.go:36	[core][Channel #1 SubChannel #4] Subchannel Connectivity change to CONNECTING	{"system": "grpc", "grpc_log": true}
2023-06-13 19:23:18	INFO	grpclog/component.go:36	[core][Channel #1 SubChannel #4] Subchannel picks a new address ":3003" to connect	{"system": "grpc", "grpc_log": true}
2023-06-13 19:23:18	INFO	grpclog/component.go:36	[core][Channel #1 SubChannel #4] Subchannel Connectivity change to TRANSIENT_FAILURE, last error: connection error: desc = "transport: Error while dialing: dial tcp :3003: connect: connection refused"	{"system": "grpc", "grpc_log": true}
2023-06-13 19:23:18	INFO	grpclog/component.go:36	[core][Channel #1] Channel Connectivity change to TRANSIENT_FAILURE	{"system": "grpc", "grpc_log": true}
2023-06-13 19:23:19	INFO	grpclog/component.go:36	[core][Channel #1 SubChannel #4] Subchannel Connectivity change to IDLE, last error: connection error: desc = "transport: Error while dialing: dial tcp :3003: connect: connection refused"	{"system": "grpc", "grpc_log": true}
2023-06-13 19:23:19	INFO	grpclog/component.go:36	[core][Channel #1] Channel Connectivity change to IDLE	{"system": "grpc", "grpc_log": true}
2023-06-13 19:36:55	INFO	grpclog/component.go:36	[core][Server #1] Server created	{"system": "grpc", "grpc_log": true}
2023-06-13 19:36:55	INFO	grpclog/component.go:36	[core][Server #1 ListenSocket #2] ListenSocket created	{"system": "grpc", "grpc_log": true}
2023-06-13 19:37:02	INFO	grpclog/component.go:36	[core][Server #2] Server created	{"system": "grpc", "grpc_log": true}
2023-06-13 19:37:02	INFO	grpclog/component.go:36	[core][Channel #1] Resolver state updated: {
  "Addresses": [
    {
      "Addr": ":3003",
      "ServerName": "",
      "Attributes": null,
      "BalancerAttributes": null,
      "Type": 0,
      "Metadata": null
    }
  ],
  "ServiceConfig": null,
  "Attributes": null
} (resolver returned new addresses)	{"system": "grpc", "grpc_log": true}
2023-06-13 19:37:02	INFO	grpclog/component.go:36	[core][Channel #1] Channel switches to new LB policy "pick_first"	{"system": "grpc", "grpc_log": true}
2023-06-13 19:37:02	INFO	grpclog/component.go:36	[core][Channel #1 SubChannel #4] Subchannel created	{"system": "grpc", "grpc_log": true}
2023-06-13 19:37:02	INFO	grpclog/component.go:36	[core][Channel #1] Channel Connectivity change to CONNECTING	{"system": "grpc", "grpc_log": true}
2023-06-13 19:37:02	INFO	grpclog/component.go:36	[core][Server #2 ListenSocket #3] ListenSocket created	{"system": "grpc", "grpc_log": true}
2023-06-13 19:37:02	INFO	grpclog/component.go:36	[core][Channel #1 SubChannel #4] Subchannel Connectivity change to CONNECTING	{"system": "grpc", "grpc_log": true}
2023-06-13 19:37:02	INFO	grpclog/component.go:36	[core][Channel #1 SubChannel #4] Subchannel picks a new address ":3003" to connect	{"system": "grpc", "grpc_log": true}
2023-06-13 19:37:02	INFO	grpclog/component.go:36	[core][Channel #1 SubChannel #4] Subchannel Connectivity change to READY	{"system": "grpc", "grpc_log": true}
2023-06-13 19:37:02	INFO	grpclog/component.go:36	[core][Channel #1] Channel Connectivity change to READY	{"system": "grpc", "grpc_log": true}
2023-06-13 19:37:13	INFO	grpclog/component.go:36	[core][Channel #1 SubChannel #4] Subchannel Connectivity change to IDLE	{"system": "grpc", "grpc_log": true}
2023-06-13 19:37:13	INFO	grpclog/component.go:36	[core][Channel #1] Channel Connectivity change to IDLE	{"system": "grpc", "grpc_log": true}
2023-06-13 19:37:37	INFO	grpclog/component.go:36	[core][Server #1] Server created	{"system": "grpc", "grpc_log": true}
2023-06-13 19:37:37	INFO	grpclog/component.go:36	[core][Server #1 ListenSocket #2] ListenSocket created	{"system": "grpc", "grpc_log": true}
2023-06-13 19:37:47	INFO	grpclog/component.go:36	[core][Server #1] Server created	{"system": "grpc", "grpc_log": true}
2023-06-13 19:37:47	INFO	grpclog/component.go:36	[core][Server #1 ListenSocket #2] ListenSocket created	{"system": "grpc", "grpc_log": true}
2023-06-14 08:38:52	INFO	grpclog/component.go:36	[core][Server #1] Server created	{"system": "grpc", "grpc_log": true}
2023-06-14 08:38:52	INFO	grpclog/component.go:36	[core][Server #1 ListenSocket #2] ListenSocket created	{"system": "grpc", "grpc_log": true}
2023-06-14 08:52:29	INFO	grpclog/component.go:36	[core][Server #1] Server created	{"system": "grpc", "grpc_log": true}
2023-06-14 08:52:29	INFO	grpclog/component.go:36	[core][Server #1 ListenSocket #2] ListenSocket created	{"system": "grpc", "grpc_log": true}
2023-06-14 08:54:02	INFO	grpclog/component.go:36	[core][Server #1] Server created	{"system": "grpc", "grpc_log": true}
2023-06-14 08:54:02	INFO	grpclog/component.go:36	[core][Server #1 ListenSocket #2] ListenSocket created	{"system": "grpc", "grpc_log": true}
2023-06-14 08:56:24	INFO	grpclog/component.go:36	[core][Server #1] Server created	{"system": "grpc", "grpc_log": true}
2023-06-14 08:56:24	INFO	grpclog/component.go:36	[core][Server #1 ListenSocket #2] ListenSocket created	{"system": "grpc", "grpc_log": true}
2023-06-14 09:00:10	INFO	grpclog/component.go:36	[core][Server #1] Server created	{"system": "grpc", "grpc_log": true}
2023-06-14 09:00:10	INFO	grpclog/component.go:36	[core][Server #1 ListenSocket #2] ListenSocket created	{"system": "grpc", "grpc_log": true}
2023-06-14 09:12:39	INFO	grpclog/component.go:36	[core][Server #1] Server created	{"system": "grpc", "grpc_log": true}
2023-06-14 09:12:39	INFO	grpclog/component.go:36	[core][Server #1 ListenSocket #2] ListenSocket created	{"system": "grpc", "grpc_log": true}
2023-06-14 09:14:07	INFO	grpclog/component.go:36	[core][Server #3] Server created	{"system": "grpc", "grpc_log": true}
2023-06-14 09:14:07	INFO	grpclog/component.go:36	[core][Server #3 ListenSocket #4] ListenSocket created	{"system": "grpc", "grpc_log": true}
2023-06-14 09:14:07	INFO	grpclog/component.go:36	[core][Channel #1 SubChannel #2] Subchannel Connectivity change to READY	{"system": "grpc", "grpc_log": true}
2023-06-14 09:14:07	INFO	grpclog/component.go:36	[core][Channel #1] Channel Connectivity change to READY	{"system": "grpc", "grpc_log": true}
2023-06-14 09:14:15	INFO	grpclog/component.go:36	[core][Channel #1 SubChannel #2] Subchannel Connectivity change to IDLE	{"system": "grpc", "grpc_log": true}
2023-06-14 09:14:15	INFO	grpclog/component.go:36	[core][Channel #1] Channel Connectivity change to IDLE	{"system": "grpc", "grpc_log": true}
2023-06-14 09:14:49	INFO	grpclog/component.go:36	[core][Channel #1 SubChannel #2] Subchannel Connectivity change to CONNECTING	{"system": "grpc", "grpc_log": true}
2023-06-14 09:14:49	INFO	grpclog/component.go:36	[core][Channel #1 SubChannel #2] Subchannel picks a new address ":3003" to connect	{"system": "grpc", "grpc_log": true}
2023-06-14 09:14:49	INFO	grpclog/component.go:36	[core][Channel #1] Channel Connectivity change to CONNECTING	{"system": "grpc", "grpc_log": true}
2023-06-14 09:14:49	INFO	grpclog/component.go:36	[core][Channel #1 SubChannel #2] Subchannel Connectivity change to READY	{"system": "grpc", "grpc_log": true}
2023-06-14 09:14:49	INFO	grpclog/component.go:36	[core][Channel #1] Channel Connectivity change to READY	{"system": "grpc", "grpc_log": true}
2023-06-14 09:18:46	INFO	grpclog/component.go:36	[core][Server #3] Server created	{"system": "grpc", "grpc_log": true}
2023-06-14 09:18:46	INFO	grpclog/component.go:36	[core][Server #3 ListenSocket #4] ListenSocket created	{"system": "grpc", "grpc_log": true}
2023-06-14 09:18:47	INFO	grpclog/component.go:36	[core][Channel #1 SubChannel #2] Subchannel Connectivity change to IDLE, last error: connection error: desc = "transport: Error while dialing: dial tcp :3003: connect: connection refused"	{"system": "grpc", "grpc_log": true}
2023-06-14 09:18:47	INFO	grpclog/component.go:36	[core][Channel #1] Channel Connectivity change to IDLE	{"system": "grpc", "grpc_log": true}
2023-06-14 09:19:40	INFO	grpclog/component.go:36	[core][Channel #1 SubChannel #2] Subchannel Connectivity change to CONNECTING	{"system": "grpc", "grpc_log": true}
2023-06-14 09:19:40	INFO	grpclog/component.go:36	[core][Channel #1 SubChannel #2] Subchannel picks a new address ":3003" to connect	{"system": "grpc", "grpc_log": true}
2023-06-14 09:19:40	INFO	grpclog/component.go:36	[core][Channel #1] Channel Connectivity change to CONNECTING	{"system": "grpc", "grpc_log": true}
2023-06-14 09:19:40	INFO	grpclog/component.go:36	[core][Channel #1 SubChannel #2] Subchannel Connectivity change to READY	{"system": "grpc", "grpc_log": true}
2023-06-14 09:19:40	INFO	grpclog/component.go:36	[core][Channel #1] Channel Connectivity change to READY	{"system": "grpc", "grpc_log": true}
2023-06-14 09:22:36	INFO	grpclog/component.go:36	[core][Channel #1 SubChannel #2] Subchannel Connectivity change to IDLE	{"system": "grpc", "grpc_log": true}
2023-06-14 09:22:36	INFO	grpclog/component.go:36	[core][Channel #1] Channel Connectivity change to IDLE	{"system": "grpc", "grpc_log": true}
2023-06-14 09:22:44	INFO	grpclog/component.go:36	[core][Server #3] Server created	{"system": "grpc", "grpc_log": true}
2023-06-14 09:22:44	INFO	grpclog/component.go:36	[core][Server #3 ListenSocket #4] ListenSocket created	{"system": "grpc", "grpc_log": true}
2023-06-14 09:22:44	INFO	grpclog/component.go:36	[core][Channel #1 SubChannel #2] Subchannel Connectivity change to TRANSIENT_FAILURE, last error: connection error: desc = "transport: Error while dialing: dial tcp :3003: connect: connection refused"	{"system": "grpc", "grpc_log": true}
2023-06-14 09:22:44	INFO	grpclog/component.go:36	[core][Channel #1] Channel Connectivity change to TRANSIENT_FAILURE	{"system": "grpc", "grpc_log": true}
2023-06-14 09:22:45	INFO	grpclog/component.go:36	[core][Channel #1 SubChannel #2] Subchannel Connectivity change to IDLE, last error: connection error: desc = "transport: Error while dialing: dial tcp :3003: connect: connection refused"	{"system": "grpc", "grpc_log": true}
2023-06-14 09:22:45	INFO	grpclog/component.go:36	[core][Channel #1] Channel Connectivity change to IDLE	{"system": "grpc", "grpc_log": true}
2023-06-14 09:24:02	INFO	grpclog/component.go:36	[core][Server #3] Server created	{"system": "grpc", "grpc_log": true}
2023-06-14 09:24:02	INFO	grpclog/component.go:36	[core][Server #3 ListenSocket #4] ListenSocket created	{"system": "grpc", "grpc_log": true}
2023-06-14 09:24:03	INFO	grpclog/component.go:36	[core][Channel #1 SubChannel #2] Subchannel Connectivity change to IDLE, last error: connection error: desc = "transport: Error while dialing: dial tcp :3003: connect: connection refused"	{"system": "grpc", "grpc_log": true}
2023-06-14 09:24:03	INFO	grpclog/component.go:36	[core][Channel #1] Channel Connectivity change to IDLE	{"system": "grpc", "grpc_log": true}
2023-06-14 09:24:56	INFO	grpclog/component.go:36	[core][Channel #1 SubChannel #2] Subchannel Connectivity change to CONNECTING	{"system": "grpc", "grpc_log": true}
2023-06-14 09:24:56	INFO	grpclog/component.go:36	[core][Channel #1 SubChannel #2] Subchannel picks a new address ":3003" to connect	{"system": "grpc", "grpc_log": true}
2023-06-14 09:24:56	INFO	grpclog/component.go:36	[core][Channel #1] Channel Connectivity change to CONNECTING	{"system": "grpc", "grpc_log": true}
2023-06-14 09:24:56	INFO	grpclog/component.go:36	[core][Channel #1 SubChannel #2] Subchannel Connectivity change to READY	{"system": "grpc", "grpc_log": true}
2023-06-14 09:24:56	INFO	grpclog/component.go:36	[core][Channel #1] Channel Connectivity change to READY	{"system": "grpc", "grpc_log": true}
2023-06-14 09:27:20	INFO	grpclog/component.go:36	[core][Channel #1 SubChannel #2] Subchannel Connectivity change to IDLE	{"system": "grpc", "grpc_log": true}
2023-06-14 09:27:20	INFO	grpclog/component.go:36	[core][Channel #1] Channel Connectivity change to IDLE	{"system": "grpc", "grpc_log": true}
2023-06-14 10:02:41	INFO	grpclog/component.go:36	[core][Server #3] Server created	{"system": "grpc", "grpc_log": true}
2023-06-14 10:02:41	INFO	grpclog/component.go:36	[core][Server #3 ListenSocket #4] ListenSocket created	{"system": "grpc", "grpc_log": true}
2023-06-14 10:02:41	INFO	grpclog/component.go:36	[core][Channel #1 SubChannel #2] Subchannel Connectivity change to READY	{"system": "grpc", "grpc_log": true}
2023-06-14 10:02:41	INFO	grpclog/component.go:36	[core][Channel #1] Channel Connectivity change to READY	{"system": "grpc", "grpc_log": true}
2023-06-14 10:06:25	INFO	grpclog/component.go:36	[core][Channel #1 SubChannel #2] Subchannel Connectivity change to IDLE	{"system": "grpc", "grpc_log": true}
2023-06-14 10:06:25	INFO	grpclog/component.go:36	[core][Channel #1] Channel Connectivity change to IDLE	{"system": "grpc", "grpc_log": true}
2023-06-14 10:06:45	INFO	grpclog/component.go:36	[core][Channel #1 SubChannel #2] Subchannel Connectivity change to CONNECTING	{"system": "grpc", "grpc_log": true}
2023-06-14 10:06:45	INFO	grpclog/component.go:36	[core][Channel #1 SubChannel #2] Subchannel picks a new address ":3003" to connect	{"system": "grpc", "grpc_log": true}
2023-06-14 10:06:45	INFO	grpclog/component.go:36	[core][Channel #1] Channel Connectivity change to CONNECTING	{"system": "grpc", "grpc_log": true}
2023-06-14 10:06:45	INFO	grpclog/component.go:36	[core][Channel #1 SubChannel #2] Subchannel Connectivity change to READY	{"system": "grpc", "grpc_log": true}
2023-06-14 10:06:45	INFO	grpclog/component.go:36	[core][Channel #1] Channel Connectivity change to READY	{"system": "grpc", "grpc_log": true}
2023-06-14 10:08:13	INFO	grpclog/component.go:36	[core][Channel #1 SubChannel #2] Subchannel Connectivity change to IDLE	{"system": "grpc", "grpc_log": true}
2023-06-14 10:08:13	INFO	grpclog/component.go:36	[core][Channel #1] Channel Connectivity change to IDLE	{"system": "grpc", "grpc_log": true}
2023-06-14 10:08:23	INFO	grpclog/component.go:36	[core][Channel #1 SubChannel #2] Subchannel Connectivity change to CONNECTING	{"system": "grpc", "grpc_log": true}
2023-06-14 10:08:23	INFO	grpclog/component.go:36	[core][Channel #1 SubChannel #2] Subchannel picks a new address ":3003" to connect	{"system": "grpc", "grpc_log": true}
2023-06-14 10:08:23	INFO	grpclog/component.go:36	[core][Channel #1] Channel Connectivity change to CONNECTING	{"system": "grpc", "grpc_log": true}
2023-06-14 10:08:23	INFO	grpclog/component.go:36	[core][Channel #1 SubChannel #2] Subchannel Connectivity change to READY	{"system": "grpc", "grpc_log": true}
2023-06-14 10:08:23	INFO	grpclog/component.go:36	[core][Channel #1] Channel Connectivity change to READY	{"system": "grpc", "grpc_log": true}
2023-06-14 10:09:19	INFO	grpclog/component.go:36	[core][Channel #1 SubChannel #2] Subchannel Connectivity change to IDLE	{"system": "grpc", "grpc_log": true}
2023-06-14 10:09:19	INFO	grpclog/component.go:36	[core][Channel #1] Channel Connectivity change to IDLE	{"system": "grpc", "grpc_log": true}
2023-06-14 10:09:25	INFO	grpclog/component.go:36	[core][Channel #1 SubChannel #2] Subchannel Connectivity change to CONNECTING	{"system": "grpc", "grpc_log": true}
2023-06-14 10:09:25	INFO	grpclog/component.go:36	[core][Channel #1 SubChannel #2] Subchannel picks a new address ":3003" to connect	{"system": "grpc", "grpc_log": true}
2023-06-14 10:09:25	INFO	grpclog/component.go:36	[core][Channel #1] Channel Connectivity change to CONNECTING	{"system": "grpc", "grpc_log": true}
2023-06-14 10:09:25	INFO	grpclog/component.go:36	[core][Channel #1 SubChannel #2] Subchannel Connectivity change to READY	{"system": "grpc", "grpc_log": true}
2023-06-14 10:09:25	INFO	grpclog/component.go:36	[core][Channel #1] Channel Connectivity change to READY	{"system": "grpc", "grpc_log": true}
2023-06-14 10:12:15	INFO	grpclog/component.go:36	[core][Server #3] Server created	{"system": "grpc", "grpc_log": true}
2023-06-14 10:12:15	INFO	grpclog/component.go:36	[core][Server #3 ListenSocket #5] ListenSocket created	{"system": "grpc", "grpc_log": true}
2023-06-14 10:12:15	INFO	grpclog/component.go:36	[core][Channel #1 SubChannel #2] Subchannel Connectivity change to READY	{"system": "grpc", "grpc_log": true}
2023-06-14 10:12:15	INFO	grpclog/component.go:36	[core][Channel #1] Channel Connectivity change to READY	{"system": "grpc", "grpc_log": true}
2023-06-14 10:12:44	INFO	grpclog/component.go:36	[core][Channel #1 SubChannel #2] Subchannel Connectivity change to IDLE	{"system": "grpc", "grpc_log": true}
2023-06-14 10:12:44	INFO	grpclog/component.go:36	[core][Channel #1] Channel Connectivity change to IDLE	{"system": "grpc", "grpc_log": true}
2023-06-14 10:13:13	INFO	grpclog/component.go:36	[core][Channel #1 SubChannel #2] Subchannel Connectivity change to CONNECTING	{"system": "grpc", "grpc_log": true}
2023-06-14 10:13:13	INFO	grpclog/component.go:36	[core][Channel #1 SubChannel #2] Subchannel picks a new address ":3003" to connect	{"system": "grpc", "grpc_log": true}
2023-06-14 10:13:13	INFO	grpclog/component.go:36	[core][Channel #1] Channel Connectivity change to CONNECTING	{"system": "grpc", "grpc_log": true}
2023-06-14 10:13:13	INFO	grpclog/component.go:36	[core][Channel #1 SubChannel #2] Subchannel Connectivity change to READY	{"system": "grpc", "grpc_log": true}
2023-06-14 10:13:13	INFO	grpclog/component.go:36	[core][Channel #1] Channel Connectivity change to READY	{"system": "grpc", "grpc_log": true}
2023-06-14 10:14:30	INFO	grpclog/component.go:36	[core][Server #3] Server created	{"system": "grpc", "grpc_log": true}
2023-06-14 10:14:30	INFO	grpclog/component.go:36	[core][Server #3 ListenSocket #5] ListenSocket created	{"system": "grpc", "grpc_log": true}
2023-06-14 10:14:30	INFO	grpclog/component.go:36	[core][Channel #1 SubChannel #2] Subchannel Connectivity change to READY	{"system": "grpc", "grpc_log": true}
2023-06-14 10:14:30	INFO	grpclog/component.go:36	[core][Channel #1] Channel Connectivity change to READY	{"system": "grpc", "grpc_log": true}
2023-06-14 10:20:38	INFO	grpclog/component.go:36	[core][Channel #1 SubChannel #2] Subchannel Connectivity change to IDLE	{"system": "grpc", "grpc_log": true}
2023-06-14 10:20:38	INFO	grpclog/component.go:36	[core][Channel #1] Channel Connectivity change to IDLE	{"system": "grpc", "grpc_log": true}
2023-06-14 10:20:53	INFO	grpclog/component.go:36	[core][Channel #1 SubChannel #2] Subchannel Connectivity change to CONNECTING	{"system": "grpc", "grpc_log": true}
2023-06-14 10:20:53	INFO	grpclog/component.go:36	[core][Channel #1 SubChannel #2] Subchannel picks a new address ":3003" to connect	{"system": "grpc", "grpc_log": true}
2023-06-14 10:20:53	INFO	grpclog/component.go:36	[core][Channel #1] Channel Connectivity change to CONNECTING	{"system": "grpc", "grpc_log": true}
2023-06-14 10:20:53	INFO	grpclog/component.go:36	[core][Channel #1 SubChannel #2] Subchannel Connectivity change to READY	{"system": "grpc", "grpc_log": true}
2023-06-14 10:20:53	INFO	grpclog/component.go:36	[core][Channel #1] Channel Connectivity change to READY	{"system": "grpc", "grpc_log": true}
2023-06-14 10:23:28	INFO	grpclog/component.go:36	[core][Channel #1 SubChannel #2] Subchannel Connectivity change to IDLE	{"system": "grpc", "grpc_log": true}
2023-06-14 10:23:28	INFO	grpclog/component.go:36	[core][Channel #1] Channel Connectivity change to IDLE	{"system": "grpc", "grpc_log": true}
2023-06-14 10:23:35	INFO	grpclog/component.go:36	[core][Channel #1 SubChannel #2] Subchannel Connectivity change to CONNECTING	{"system": "grpc", "grpc_log": true}
2023-06-14 10:23:35	INFO	grpclog/component.go:36	[core][Channel #1 SubChannel #2] Subchannel picks a new address ":3003" to connect	{"system": "grpc", "grpc_log": true}
2023-06-14 10:23:35	INFO	grpclog/component.go:36	[core][Channel #1] Channel Connectivity change to CONNECTING	{"system": "grpc", "grpc_log": true}
2023-06-14 10:23:35	INFO	grpclog/component.go:36	[core][Channel #1 SubChannel #2] Subchannel Connectivity change to READY	{"system": "grpc", "grpc_log": true}
2023-06-14 10:23:35	INFO	grpclog/component.go:36	[core][Channel #1] Channel Connectivity change to READY	{"system": "grpc", "grpc_log": true}
2023-06-14 10:24:28	INFO	grpclog/component.go:36	[core][Channel #1 SubChannel #2] Subchannel Connectivity change to IDLE	{"system": "grpc", "grpc_log": true}
2023-06-14 10:24:28	INFO	grpclog/component.go:36	[core][Channel #1] Channel Connectivity change to IDLE	{"system": "grpc", "grpc_log": true}
2023-06-14 10:24:57	INFO	grpclog/component.go:36	[core][Channel #1 SubChannel #2] Subchannel Connectivity change to CONNECTING	{"system": "grpc", "grpc_log": true}
2023-06-14 10:24:57	INFO	grpclog/component.go:36	[core][Channel #1 SubChannel #2] Subchannel picks a new address ":3003" to connect	{"system": "grpc", "grpc_log": true}
2023-06-14 10:24:57	INFO	grpclog/component.go:36	[core][Channel #1] Channel Connectivity change to CONNECTING	{"system": "grpc", "grpc_log": true}
2023-06-14 10:24:57	INFO	grpclog/component.go:36	[core][Channel #1 SubChannel #2] Subchannel Connectivity change to READY	{"system": "grpc", "grpc_log": true}
2023-06-14 10:24:57	INFO	grpclog/component.go:36	[core][Channel #1] Channel Connectivity change to READY	{"system": "grpc", "grpc_log": true}
2023-06-14 10:25:46	INFO	grpclog/component.go:36	[core][Server #3] Server created	{"system": "grpc", "grpc_log": true}
2023-06-14 10:25:46	INFO	grpclog/component.go:36	[core][Server #3 ListenSocket #5] ListenSocket created	{"system": "grpc", "grpc_log": true}
2023-06-14 10:25:46	INFO	grpclog/component.go:36	[core][Channel #1 SubChannel #2] Subchannel Connectivity change to READY	{"system": "grpc", "grpc_log": true}
2023-06-14 10:25:46	INFO	grpclog/component.go:36	[core][Channel #1] Channel Connectivity change to READY	{"system": "grpc", "grpc_log": true}
2023-06-14 10:27:08	INFO	grpclog/component.go:36	[core][Server #3] Server created	{"system": "grpc", "grpc_log": true}
2023-06-14 10:27:08	INFO	grpclog/component.go:36	[core][Server #3 ListenSocket #4] ListenSocket created	{"system": "grpc", "grpc_log": true}
2023-06-14 10:27:08	INFO	grpclog/component.go:36	[core][Channel #1 SubChannel #2] Subchannel Connectivity change to READY	{"system": "grpc", "grpc_log": true}
2023-06-14 10:27:08	INFO	grpclog/component.go:36	[core][Channel #1] Channel Connectivity change to READY	{"system": "grpc", "grpc_log": true}
2023-06-14 10:28:12	INFO	grpclog/component.go:36	[core][Server #3] Server created	{"system": "grpc", "grpc_log": true}
2023-06-14 10:28:12	INFO	grpclog/component.go:36	[core][Server #3 ListenSocket #4] ListenSocket created	{"system": "grpc", "grpc_log": true}
2023-06-14 10:28:12	INFO	grpclog/component.go:36	[core][Channel #1 SubChannel #2] Subchannel Connectivity change to READY	{"system": "grpc", "grpc_log": true}
2023-06-14 10:28:12	INFO	grpclog/component.go:36	[core][Channel #1] Channel Connectivity change to READY	{"system": "grpc", "grpc_log": true}
2023-06-14 10:29:20	INFO	grpclog/component.go:36	[core][Server #4] Server created	{"system": "grpc", "grpc_log": true}
2023-06-14 10:29:20	INFO	grpclog/component.go:36	[core][Server #4 ListenSocket #5] ListenSocket created	{"system": "grpc", "grpc_log": true}
2023-06-14 10:29:20	INFO	grpclog/component.go:36	[core][Channel #1 SubChannel #2] Subchannel Connectivity change to READY	{"system": "grpc", "grpc_log": true}
2023-06-14 10:29:20	INFO	grpclog/component.go:36	[core][Channel #1] Channel Connectivity change to READY	{"system": "grpc", "grpc_log": true}
2023-06-14 10:29:38	INFO	grpclog/component.go:36	[core][Server #3] Server created	{"system": "grpc", "grpc_log": true}
2023-06-14 10:29:38	INFO	grpclog/component.go:36	[core][Server #3 ListenSocket #4] ListenSocket created	{"system": "grpc", "grpc_log": true}
2023-06-14 10:29:38	INFO	grpclog/component.go:36	[core][Channel #1 SubChannel #2] Subchannel Connectivity change to READY	{"system": "grpc", "grpc_log": true}
2023-06-14 10:29:38	INFO	grpclog/component.go:36	[core][Channel #1] Channel Connectivity change to READY	{"system": "grpc", "grpc_log": true}
2023-06-14 10:35:21	INFO	grpclog/component.go:36	[core][Server #3] Server created	{"system": "grpc", "grpc_log": true}
2023-06-14 10:35:21	INFO	grpclog/component.go:36	[core][Server #3 ListenSocket #5] ListenSocket created	{"system": "grpc", "grpc_log": true}
2023-06-14 10:35:21	INFO	grpclog/component.go:36	[core][Channel #1 SubChannel #2] Subchannel Connectivity change to READY	{"system": "grpc", "grpc_log": true}
2023-06-14 10:35:21	INFO	grpclog/component.go:36	[core][Channel #1] Channel Connectivity change to READY	{"system": "grpc", "grpc_log": true}
2023-06-14 10:35:59	INFO	grpclog/component.go:36	[core][Server #3] Server created	{"system": "grpc", "grpc_log": true}
2023-06-14 10:35:59	INFO	grpclog/component.go:36	[core][Server #3 ListenSocket #5] ListenSocket created	{"system": "grpc", "grpc_log": true}
2023-06-14 10:35:59	INFO	grpclog/component.go:36	[core][Channel #1 SubChannel #2] Subchannel Connectivity change to READY	{"system": "grpc", "grpc_log": true}
2023-06-14 10:35:59	INFO	grpclog/component.go:36	[core][Channel #1] Channel Connectivity change to READY	{"system": "grpc", "grpc_log": true}
2023-06-14 10:36:17	INFO	grpclog/component.go:36	[core][Server #3] Server created	{"system": "grpc", "grpc_log": true}
2023-06-14 10:36:17	INFO	grpclog/component.go:36	[core][Server #3 ListenSocket #4] ListenSocket created	{"system": "grpc", "grpc_log": true}
2023-06-14 10:36:17	INFO	grpclog/component.go:36	[core][Channel #1 SubChannel #2] Subchannel Connectivity change to READY	{"system": "grpc", "grpc_log": true}
2023-06-14 10:36:17	INFO	grpclog/component.go:36	[core][Channel #1] Channel Connectivity change to READY	{"system": "grpc", "grpc_log": true}
2023-06-14 10:37:02	INFO	grpclog/component.go:36	[core][Server #3] Server created	{"system": "grpc", "grpc_log": true}
2023-06-14 10:37:02	INFO	grpclog/component.go:36	[core][Server #3 ListenSocket #5] ListenSocket created	{"system": "grpc", "grpc_log": true}
2023-06-14 10:37:02	INFO	grpclog/component.go:36	[core][Channel #1 SubChannel #2] Subchannel Connectivity change to READY	{"system": "grpc", "grpc_log": true}
2023-06-14 10:37:02	INFO	grpclog/component.go:36	[core][Channel #1] Channel Connectivity change to READY	{"system": "grpc", "grpc_log": true}
2023-06-14 10:44:00	INFO	grpclog/component.go:36	[core][Server #4] Server created	{"system": "grpc", "grpc_log": true}
2023-06-14 10:44:00	INFO	grpclog/component.go:36	[core][Server #4 ListenSocket #5] ListenSocket created	{"system": "grpc", "grpc_log": true}
2023-06-14 10:44:00	INFO	grpclog/component.go:36	[core][Channel #1 SubChannel #2] Subchannel Connectivity change to READY	{"system": "grpc", "grpc_log": true}
2023-06-14 10:44:00	INFO	grpclog/component.go:36	[core][Channel #1] Channel Connectivity change to READY	{"system": "grpc", "grpc_log": true}
2023-06-14 10:46:42	INFO	grpclog/component.go:36	[core][Server #3] Server created	{"system": "grpc", "grpc_log": true}
2023-06-14 10:46:42	INFO	grpclog/component.go:36	[core][Server #3 ListenSocket #4] ListenSocket created	{"system": "grpc", "grpc_log": true}
2023-06-14 10:46:42	INFO	grpclog/component.go:36	[core][Channel #1 SubChannel #2] Subchannel Connectivity change to READY	{"system": "grpc", "grpc_log": true}
2023-06-14 10:46:42	INFO	grpclog/component.go:36	[core][Channel #1] Channel Connectivity change to READY	{"system": "grpc", "grpc_log": true}
2023-06-14 10:48:56	INFO	grpclog/component.go:36	[core][Server #3] Server created	{"system": "grpc", "grpc_log": true}
2023-06-14 10:48:56	INFO	grpclog/component.go:36	[core][Server #3 ListenSocket #4] ListenSocket created	{"system": "grpc", "grpc_log": true}
2023-06-14 10:48:56	INFO	grpclog/component.go:36	[core][Channel #1 SubChannel #2] Subchannel Connectivity change to READY	{"system": "grpc", "grpc_log": true}
2023-06-14 10:48:56	INFO	grpclog/component.go:36	[core][Channel #1] Channel Connectivity change to READY	{"system": "grpc", "grpc_log": true}
2023-06-14 10:51:10	INFO	grpclog/component.go:36	[core][Server #3] Server created	{"system": "grpc", "grpc_log": true}
2023-06-14 10:51:10	INFO	grpclog/component.go:36	[core][Server #3 ListenSocket #5] ListenSocket created	{"system": "grpc", "grpc_log": true}
2023-06-14 10:51:10	INFO	grpclog/component.go:36	[core][Channel #1 SubChannel #2] Subchannel Connectivity change to READY	{"system": "grpc", "grpc_log": true}
2023-06-14 10:51:10	INFO	grpclog/component.go:36	[core][Channel #1] Channel Connectivity change to READY	{"system": "grpc", "grpc_log": true}
2023-06-14 10:55:42	INFO	grpclog/component.go:36	[core][Channel #1 SubChannel #2] Subchannel Connectivity change to IDLE	{"system": "grpc", "grpc_log": true}
2023-06-14 10:55:42	INFO	grpclog/component.go:36	[core][Channel #1] Channel Connectivity change to IDLE	{"system": "grpc", "grpc_log": true}
2023-06-14 10:57:11	INFO	grpclog/component.go:36	[core][Server #3] Server created	{"system": "grpc", "grpc_log": true}
2023-06-14 10:57:11	INFO	grpclog/component.go:36	[core][Server #3 ListenSocket #4] ListenSocket created	{"system": "grpc", "grpc_log": true}
2023-06-14 10:57:11	INFO	grpclog/component.go:36	[core][Channel #1 SubChannel #2] Subchannel Connectivity change to READY	{"system": "grpc", "grpc_log": true}
2023-06-14 10:57:11	INFO	grpclog/component.go:36	[core][Channel #1] Channel Connectivity change to READY	{"system": "grpc", "grpc_log": true}
2023-06-14 10:59:42	INFO	grpclog/component.go:36	[core][Channel #1 SubChannel #2] Subchannel Connectivity change to IDLE	{"system": "grpc", "grpc_log": true}
2023-06-14 10:59:42	INFO	grpclog/component.go:36	[core][Channel #1] Channel Connectivity change to IDLE	{"system": "grpc", "grpc_log": true}
2023-06-14 10:59:51	INFO	grpclog/component.go:36	[core][Channel #1 SubChannel #2] Subchannel Connectivity change to CONNECTING	{"system": "grpc", "grpc_log": true}
2023-06-14 10:59:51	INFO	grpclog/component.go:36	[core][Channel #1 SubChannel #2] Subchannel picks a new address ":3003" to connect	{"system": "grpc", "grpc_log": true}
2023-06-14 10:59:51	INFO	grpclog/component.go:36	[core][Channel #1] Channel Connectivity change to CONNECTING	{"system": "grpc", "grpc_log": true}
2023-06-14 10:59:51	INFO	grpclog/component.go:36	[core][Channel #1 SubChannel #2] Subchannel Connectivity change to READY	{"system": "grpc", "grpc_log": true}
2023-06-14 10:59:51	INFO	grpclog/component.go:36	[core][Channel #1] Channel Connectivity change to READY	{"system": "grpc", "grpc_log": true}
2023-06-14 11:00:10	INFO	grpclog/component.go:36	[core][Server #3] Server created	{"system": "grpc", "grpc_log": true}
2023-06-14 11:00:10	INFO	grpclog/component.go:36	[core][Server #3 ListenSocket #4] ListenSocket created	{"system": "grpc", "grpc_log": true}
2023-06-14 11:00:10	INFO	grpclog/component.go:36	[core][Channel #1 SubChannel #2] Subchannel Connectivity change to READY	{"system": "grpc", "grpc_log": true}
2023-06-14 11:00:10	INFO	grpclog/component.go:36	[core][Channel #1] Channel Connectivity change to READY	{"system": "grpc", "grpc_log": true}
2023-06-14 11:02:29	INFO	grpclog/component.go:36	[core][Channel #1 SubChannel #2] Subchannel Connectivity change to IDLE	{"system": "grpc", "grpc_log": true}
2023-06-14 11:02:29	INFO	grpclog/component.go:36	[core][Channel #1] Channel Connectivity change to IDLE	{"system": "grpc", "grpc_log": true}
